Using pre-set license
Built from '2022.3/staging' branch; Version is '2022.3.39f1 (4e1b0f82c39a) revision 5118735'; Using compiler version '192829333'; Build Type 'Release'
OS: 'Windows 11  (10.0.22631) 64bit Core' Language: 'ru' Physical Memory: 16236 MB
BatchMode: 1, IsHumanControllingUs: 0, StartBugReporterOnCrash: 0, Is64bit: 1, IsPro: 1

COMMAND LINE ARGUMENTS:
C:\Program Files\Unity\Hub\Editor\2022.3.39f1\Editor\Unity.exe
-adb2
-batchMode
-noUpm
-name
AssetImportWorker0
-projectPath
C:/Unity/Projects/SaveTheVillage-7.5
-logFile
Logs/AssetImportWorker0.log
-srvPort
57459
Successfully changed project path to: C:/Unity/Projects/SaveTheVillage-7.5
C:/Unity/Projects/SaveTheVillage-7.5
[UnityMemory] Configuration Parameters - Can be set up in boot.config
    "memorysetup-bucket-allocator-granularity=16"
    "memorysetup-bucket-allocator-bucket-count=8"
    "memorysetup-bucket-allocator-block-size=33554432"
    "memorysetup-bucket-allocator-block-count=8"
    "memorysetup-main-allocator-block-size=16777216"
    "memorysetup-thread-allocator-block-size=16777216"
    "memorysetup-gfx-main-allocator-block-size=16777216"
    "memorysetup-gfx-thread-allocator-block-size=16777216"
    "memorysetup-cache-allocator-block-size=4194304"
    "memorysetup-typetree-allocator-block-size=2097152"
    "memorysetup-profiler-bucket-allocator-granularity=16"
    "memorysetup-profiler-bucket-allocator-bucket-count=8"
    "memorysetup-profiler-bucket-allocator-block-size=33554432"
    "memorysetup-profiler-bucket-allocator-block-count=8"
    "memorysetup-profiler-allocator-block-size=16777216"
    "memorysetup-profiler-editor-allocator-block-size=1048576"
    "memorysetup-temp-allocator-size-main=16777216"
    "memorysetup-job-temp-allocator-block-size=2097152"
    "memorysetup-job-temp-allocator-block-size-background=1048576"
    "memorysetup-job-temp-allocator-reduction-small-platforms=262144"
    "memorysetup-allocator-temp-initial-block-size-main=262144"
    "memorysetup-allocator-temp-initial-block-size-worker=262144"
    "memorysetup-temp-allocator-size-background-worker=32768"
    "memorysetup-temp-allocator-size-job-worker=262144"
    "memorysetup-temp-allocator-size-preload-manager=33554432"
    "memorysetup-temp-allocator-size-nav-mesh-worker=65536"
    "memorysetup-temp-allocator-size-audio-worker=65536"
    "memorysetup-temp-allocator-size-cloud-worker=32768"
    "memorysetup-temp-allocator-size-gi-baking-worker=262144"
    "memorysetup-temp-allocator-size-gfx=262144"
Player connection [15116]  Target information:

Player connection [15116]  * "[IP] 192.168.56.1 [Port] 0 [Flags] 2 [Guid] 3945711852 [EditorId] 3945711852 [Version] 1048832 [Id] WindowsEditor(7,TOP-LAPTOP) [Debug] 1 [PackageName] WindowsEditor [ProjectName] Editor" 

Player connection [15116]  * "[IP] 26.179.228.51 [Port] 0 [Flags] 2 [Guid] 3945711852 [EditorId] 3945711852 [Version] 1048832 [Id] WindowsEditor(7,TOP-LAPTOP) [Debug] 1 [PackageName] WindowsEditor [ProjectName] Editor" 

Player connection [15116]  * "[IP] 10.0.0.7 [Port] 0 [Flags] 2 [Guid] 3945711852 [EditorId] 3945711852 [Version] 1048832 [Id] WindowsEditor(7,TOP-LAPTOP) [Debug] 1 [PackageName] WindowsEditor [ProjectName] Editor" 

Player connection [15116] Host joined multi-casting on [225.0.0.222:54997]...
Player connection [15116] Host joined alternative multi-casting on [225.0.0.222:34997]...
[PhysX] Initialized MultithreadedTaskDispatcher with 16 workers.
Refreshing native plugins compatible for Editor in 9.66 ms, found 3 plugins.
Preloading 0 native plugins for Editor in 0.00 ms.
Initialize engine version: 2022.3.39f1 (4e1b0f82c39a)
[Subsystems] Discovering subsystems at path C:/Program Files/Unity/Hub/Editor/2022.3.39f1/Editor/Data/Resources/UnitySubsystems
[Subsystems] Discovering subsystems at path C:/Unity/Projects/SaveTheVillage-7.5/Assets
GfxDevice: creating device client; threaded=0; jobified=0
Direct3D:
    Version:  Direct3D 11.0 [level 11.1]
    Renderer: NVIDIA GeForce RTX 3060 Laptop GPU (ID=0x2560)
    Vendor:   NVIDIA
    VRAM:     5996 MB
    Driver:   32.0.15.7602
Initialize mono
Mono path[0] = 'C:/Program Files/Unity/Hub/Editor/2022.3.39f1/Editor/Data/Managed'
Mono path[1] = 'C:/Program Files/Unity/Hub/Editor/2022.3.39f1/Editor/Data/MonoBleedingEdge/lib/mono/unityjit-win32'
Mono config path = 'C:/Program Files/Unity/Hub/Editor/2022.3.39f1/Editor/Data/MonoBleedingEdge/etc'
Using monoOptions --debugger-agent=transport=dt_socket,embedding=1,server=y,suspend=n,address=127.0.0.1:56420
Begin MonoManager ReloadAssembly
Registering precompiled unity dll's ...
Register platform support module: C:/Program Files/Unity/Hub/Editor/2022.3.39f1/Editor/Data/PlaybackEngines/AndroidPlayer/UnityEditor.Android.Extensions.dll
Register platform support module: C:/Program Files/Unity/Hub/Editor/2022.3.39f1/Editor/Data/PlaybackEngines/WindowsStandaloneSupport/UnityEditor.WindowsStandalone.Extensions.dll
Registered in 0.006839 seconds.
- Loaded All Assemblies, in  0.301 seconds
Native extension for WindowsStandalone target not found
Native extension for Android target not found
Android Extension - Scanning For ADB Devices 265 ms
Mono: successfully reloaded assembly
- Finished resetting the current domain, in  0.568 seconds
Domain Reload Profiling: 869ms
	BeginReloadAssembly (94ms)
		ExecutionOrderSort (0ms)
		DisableScriptedObjects (0ms)
		BackupInstance (0ms)
		ReleaseScriptingObjects (0ms)
		CreateAndSetChildDomain (1ms)
	RebuildCommonClasses (28ms)
	RebuildNativeTypeToScriptingClass (9ms)
	initialDomainReloadingComplete (51ms)
	LoadAllAssembliesAndSetupDomain (117ms)
		LoadAssemblies (93ms)
		RebuildTransferFunctionScriptingTraits (0ms)
		AnalyzeDomain (115ms)
			TypeCache.Refresh (114ms)
				TypeCache.ScanAssembly (104ms)
			ScanForSourceGeneratedMonoScriptInfo (0ms)
			ResolveRequiredComponents (0ms)
	FinalizeReload (569ms)
		ReleaseScriptCaches (0ms)
		RebuildScriptCaches (0ms)
		SetupLoadedEditorAssemblies (520ms)
			LogAssemblyErrors (0ms)
			InitializePlatformSupportModulesInManaged (373ms)
			SetLoadedEditorAssemblies (4ms)
			RefreshPlugins (0ms)
			BeforeProcessingInitializeOnLoad (2ms)
			ProcessInitializeOnLoadAttributes (99ms)
			ProcessInitializeOnLoadMethodAttributes (42ms)
			AfterProcessingInitializeOnLoad (0ms)
			EditorAssembliesLoaded (0ms)
		ExecutionOrderSort2 (0ms)
		AwakeInstancesAfterBackupRestoration (0ms)
========================================================================
Worker process is ready to serve import requests
Begin MonoManager ReloadAssembly
- Loaded All Assemblies, in  0.554 seconds
Refreshing native plugins compatible for Editor in 2.98 ms, found 3 plugins.
Native extension for WindowsStandalone target not found
Native extension for Android target not found
Package Manager log level set to [2]
[Package Manager] Server::EnsureServerProcessIsRunning -- launch failed, reason: Unity was launched with the -noUpm command-line argument
[Package Manager] UpmClient::Send -- Unable to send message (not connected to UPM process).
[Package Manager] Cannot connect to Unity Package Manager local server
Mono: successfully reloaded assembly
- Finished resetting the current domain, in  0.598 seconds
Domain Reload Profiling: 1150ms
	BeginReloadAssembly (133ms)
		ExecutionOrderSort (0ms)
		DisableScriptedObjects (5ms)
		BackupInstance (0ms)
		ReleaseScriptingObjects (0ms)
		CreateAndSetChildDomain (24ms)
	RebuildCommonClasses (40ms)
	RebuildNativeTypeToScriptingClass (11ms)
	initialDomainReloadingComplete (39ms)
	LoadAllAssembliesAndSetupDomain (329ms)
		LoadAssemblies (251ms)
		RebuildTransferFunctionScriptingTraits (0ms)
		AnalyzeDomain (153ms)
			TypeCache.Refresh (136ms)
				TypeCache.ScanAssembly (123ms)
			ScanForSourceGeneratedMonoScriptInfo (12ms)
			ResolveRequiredComponents (4ms)
	FinalizeReload (599ms)
		ReleaseScriptCaches (0ms)
		RebuildScriptCaches (0ms)
		SetupLoadedEditorAssemblies (444ms)
			LogAssemblyErrors (0ms)
			InitializePlatformSupportModulesInManaged (24ms)
			SetLoadedEditorAssemblies (5ms)
			RefreshPlugins (0ms)
			BeforeProcessingInitializeOnLoad (57ms)
			ProcessInitializeOnLoadAttributes (330ms)
			ProcessInitializeOnLoadMethodAttributes (22ms)
			AfterProcessingInitializeOnLoad (6ms)
			EditorAssembliesLoaded (0ms)
		ExecutionOrderSort2 (0ms)
		AwakeInstancesAfterBackupRestoration (8ms)
Launched and connected shader compiler UnityShaderCompiler.exe after 0.05 seconds
Refreshing native plugins compatible for Editor in 5.68 ms, found 3 plugins.
Preloading 0 native plugins for Editor in 0.00 ms.
Unloading 3100 Unused Serialized files (Serialized files now loaded: 0)
Unloading 33 unused Assets / (57.6 KB). Loaded Objects now: 3564.
Memory consumption went from 124.8 MB to 124.8 MB.
Total: 3.480300 ms (FindLiveObjects: 0.288300 ms CreateObjectMapping: 0.230700 ms MarkObjects: 2.844500 ms  DeleteObjects: 0.115200 ms)

AssetImportParameters requested are different than current active one (requested -> active):
  custom:container-demuxer-ogg: 62fdf1f143b41e24485cea50d1cbac27 -> 
  custom:video-codec-MediaFoundation-h265: 746d11721c4dcdbdad8f713fa42b33f4 -> 
  custom:video-decoder-ogg-theora: a1e56fd34408186e4bbccfd4996cb3dc -> 
  custom:framework-win-MediaFoundation: 216162199b28c13a410421893ffa2e32 -> 
  custom:CustomObjectIndexerAttribute: 9a22284fe3817be447336de3de66b15e -> 
  custom:container-demuxer-webm: 4f35f7cbe854078d1ac9338744f61a02 -> 
  custom:container-muxer-webm: aa71ff27fc2769a1b78a27578f13a17b -> 
  custom:video-decoder-webm-vp8: 9c59270c3fd7afecdb556c50c9e8de78 -> 
  custom:SearchIndexIgnoredProperties: e643bd26f0fe6173181afceb89e7c659 -> 
  custom:AudioImporter_EditorPlatform: d09bf68614088b80899f8185d706f6e7 -> 
  custom:video-encoder-webm-vp8: eb34c28f22e8b96e1ab97ce403110664 -> 
  custom:audio-decoder-ogg-vorbis: bf7c407c2cedff20999df2af8eb42d56 -> 
  custom:audio-encoder-webm-vorbis: bf7c407c2cedff20999df2af8eb42d56 -> 
========================================================================
Received Prepare
Begin MonoManager ReloadAssembly
- Loaded All Assemblies, in  0.454 seconds
Refreshing native plugins compatible for Editor in 3.72 ms, found 3 plugins.
Native extension for WindowsStandalone target not found
Native extension for Android target not found
[Package Manager] Server::EnsureServerProcessIsRunning -- launch failed, reason: Unity was launched with the -noUpm command-line argument
[Package Manager] UpmClient::Send -- Unable to send message (not connected to UPM process).
[Package Manager] Cannot connect to Unity Package Manager local server
Mono: successfully reloaded assembly
- Finished resetting the current domain, in  0.922 seconds
Domain Reload Profiling: 1373ms
	BeginReloadAssembly (161ms)
		ExecutionOrderSort (0ms)
		DisableScriptedObjects (4ms)
		BackupInstance (0ms)
		ReleaseScriptingObjects (0ms)
		CreateAndSetChildDomain (36ms)
	RebuildCommonClasses (34ms)
	RebuildNativeTypeToScriptingClass (10ms)
	initialDomainReloadingComplete (35ms)
	LoadAllAssembliesAndSetupDomain (211ms)
		LoadAssemblies (288ms)
		RebuildTransferFunctionScriptingTraits (0ms)
		AnalyzeDomain (13ms)
			TypeCache.Refresh (6ms)
				TypeCache.ScanAssembly (0ms)
			ScanForSourceGeneratedMonoScriptInfo (0ms)
			ResolveRequiredComponents (6ms)
	FinalizeReload (922ms)
		ReleaseScriptCaches (0ms)
		RebuildScriptCaches (0ms)
		SetupLoadedEditorAssemblies (427ms)
			LogAssemblyErrors (0ms)
			InitializePlatformSupportModulesInManaged (24ms)
			SetLoadedEditorAssemblies (5ms)
			RefreshPlugins (0ms)
			BeforeProcessingInitializeOnLoad (60ms)
			ProcessInitializeOnLoadAttributes (313ms)
			ProcessInitializeOnLoadMethodAttributes (18ms)
			AfterProcessingInitializeOnLoad (6ms)
			EditorAssembliesLoaded (0ms)
		ExecutionOrderSort2 (0ms)
		AwakeInstancesAfterBackupRestoration (8ms)
Refreshing native plugins compatible for Editor in 5.33 ms, found 3 plugins.
Preloading 0 native plugins for Editor in 0.00 ms.
Unloading 3092 Unused Serialized files (Serialized files now loaded: 0)
Unloading 24 unused Assets / (31.6 KB). Loaded Objects now: 3567.
Memory consumption went from 123.1 MB to 123.1 MB.
Total: 4.166500 ms (FindLiveObjects: 0.247900 ms CreateObjectMapping: 0.191300 ms MarkObjects: 3.670600 ms  DeleteObjects: 0.055600 ms)

Prepare: number of updated asset objects reloaded= 0
AssetImportParameters requested are different than current active one (requested -> active):
  custom:container-demuxer-ogg: 62fdf1f143b41e24485cea50d1cbac27 -> 
  custom:video-codec-MediaFoundation-h265: 746d11721c4dcdbdad8f713fa42b33f4 -> 
  custom:video-decoder-ogg-theora: a1e56fd34408186e4bbccfd4996cb3dc -> 
  custom:framework-win-MediaFoundation: 216162199b28c13a410421893ffa2e32 -> 
  custom:CustomObjectIndexerAttribute: 9a22284fe3817be447336de3de66b15e -> 
  custom:container-demuxer-webm: 4f35f7cbe854078d1ac9338744f61a02 -> 
  custom:container-muxer-webm: aa71ff27fc2769a1b78a27578f13a17b -> 
  custom:video-decoder-webm-vp8: 9c59270c3fd7afecdb556c50c9e8de78 -> 
  custom:SearchIndexIgnoredProperties: e643bd26f0fe6173181afceb89e7c659 -> 
  custom:AudioImporter_EditorPlatform: d09bf68614088b80899f8185d706f6e7 -> 
  custom:video-encoder-webm-vp8: eb34c28f22e8b96e1ab97ce403110664 -> 
  custom:audio-decoder-ogg-vorbis: bf7c407c2cedff20999df2af8eb42d56 -> 
  custom:audio-encoder-webm-vorbis: bf7c407c2cedff20999df2af8eb42d56 -> 
========================================================================
Received Import Request.
  Time since last request: 1673985.164218 seconds.
  path: Assets/Scenes/SampleScene.unity
  artifactKey: Guid(9fc0d4010bbf28b4594072e72b8655ab) Importer(815301076,1909f56bfc062723c751e8b465ee728b)
Start importing Assets/Scenes/SampleScene.unity using Guid(9fc0d4010bbf28b4594072e72b8655ab) Importer(815301076,1909f56bfc062723c751e8b465ee728b) [PhysX] Initialized MultithreadedTaskDispatcher with 16 workers.
 -> (artifact id: '57290c6da2e655942f28f03fdde6c1eb') in 0.003030 seconds
Number of updated asset objects reloaded before import = 0
Number of asset objects unloaded after import = 0
========================================================================
Received Prepare
Begin MonoManager ReloadAssembly
- Loaded All Assemblies, in  0.415 seconds
Refreshing native plugins compatible for Editor in 2.95 ms, found 3 plugins.
Native extension for WindowsStandalone target not found
Native extension for Android target not found
[Package Manager] Server::EnsureServerProcessIsRunning -- launch failed, reason: Unity was launched with the -noUpm command-line argument
[Package Manager] UpmClient::Send -- Unable to send message (not connected to UPM process).
[Package Manager] Cannot connect to Unity Package Manager local server
Mono: successfully reloaded assembly
- Finished resetting the current domain, in  1.069 seconds
Domain Reload Profiling: 1482ms
	BeginReloadAssembly (147ms)
		ExecutionOrderSort (0ms)
		DisableScriptedObjects (4ms)
		BackupInstance (0ms)
		ReleaseScriptingObjects (0ms)
		CreateAndSetChildDomain (34ms)
	RebuildCommonClasses (36ms)
	RebuildNativeTypeToScriptingClass (9ms)
	initialDomainReloadingComplete (26ms)
	LoadAllAssembliesAndSetupDomain (196ms)
		LoadAssemblies (265ms)
		RebuildTransferFunctionScriptingTraits (0ms)
		AnalyzeDomain (11ms)
			TypeCache.Refresh (4ms)
				TypeCache.ScanAssembly (0ms)
			ScanForSourceGeneratedMonoScriptInfo (0ms)
			ResolveRequiredComponents (5ms)
	FinalizeReload (1070ms)
		ReleaseScriptCaches (0ms)
		RebuildScriptCaches (0ms)
		SetupLoadedEditorAssemblies (497ms)
			LogAssemblyErrors (0ms)
			InitializePlatformSupportModulesInManaged (25ms)
			SetLoadedEditorAssemblies (6ms)
			RefreshPlugins (0ms)
			BeforeProcessingInitializeOnLoad (63ms)
			ProcessInitializeOnLoadAttributes (374ms)
			ProcessInitializeOnLoadMethodAttributes (22ms)
			AfterProcessingInitializeOnLoad (6ms)
			EditorAssembliesLoaded (0ms)
		ExecutionOrderSort2 (0ms)
		AwakeInstancesAfterBackupRestoration (9ms)
Refreshing native plugins compatible for Editor in 6.93 ms, found 3 plugins.
Preloading 0 native plugins for Editor in 0.00 ms.
Unloading 3091 Unused Serialized files (Serialized files now loaded: 0)
Unloading 24 unused Assets / (31.5 KB). Loaded Objects now: 3570.
Memory consumption went from 122.9 MB to 122.9 MB.
Total: 3.278900 ms (FindLiveObjects: 0.270800 ms CreateObjectMapping: 0.207200 ms MarkObjects: 2.747700 ms  DeleteObjects: 0.052400 ms)

Prepare: number of updated asset objects reloaded= 0
AssetImportParameters requested are different than current active one (requested -> active):
  custom:container-demuxer-ogg: 62fdf1f143b41e24485cea50d1cbac27 -> 
  custom:video-codec-MediaFoundation-h265: 746d11721c4dcdbdad8f713fa42b33f4 -> 
  custom:video-decoder-ogg-theora: a1e56fd34408186e4bbccfd4996cb3dc -> 
  custom:framework-win-MediaFoundation: 216162199b28c13a410421893ffa2e32 -> 
  custom:CustomObjectIndexerAttribute: 9a22284fe3817be447336de3de66b15e -> 
  custom:container-demuxer-webm: 4f35f7cbe854078d1ac9338744f61a02 -> 
  custom:container-muxer-webm: aa71ff27fc2769a1b78a27578f13a17b -> 
  custom:video-decoder-webm-vp8: 9c59270c3fd7afecdb556c50c9e8de78 -> 
  custom:SearchIndexIgnoredProperties: e643bd26f0fe6173181afceb89e7c659 -> 
  custom:AudioImporter_EditorPlatform: d09bf68614088b80899f8185d706f6e7 -> 
  custom:video-encoder-webm-vp8: eb34c28f22e8b96e1ab97ce403110664 -> 
  custom:audio-decoder-ogg-vorbis: bf7c407c2cedff20999df2af8eb42d56 -> 
  custom:audio-encoder-webm-vorbis: bf7c407c2cedff20999df2af8eb42d56 -> 
========================================================================
Received Import Request.
  Time since last request: 341.309000 seconds.
  path: Assets/Addition/gems_gui/ai/skills.ai
  artifactKey: Guid(e54b5c4456ecbc944a87c67e541f7804) Importer(815301076,1909f56bfc062723c751e8b465ee728b)
Start importing Assets/Addition/gems_gui/ai/skills.ai using Guid(e54b5c4456ecbc944a87c67e541f7804) Importer(815301076,1909f56bfc062723c751e8b465ee728b) [PhysX] Initialized MultithreadedTaskDispatcher with 16 workers.
 -> (artifact id: '840970b91c8d9d127bb55d4643762092') in 0.010321 seconds
Number of updated asset objects reloaded before import = 0
Number of asset objects unloaded after import = 1
========================================================================
Received Import Request.
  Time since last request: 0.068714 seconds.
  path: Assets/Addition/craftpix-895410-free-jungle-cartoon-2d-game-ui/AI/settings.ai
  artifactKey: Guid(d2e1870e86de6df4ca4ab33631fbf4e7) Importer(815301076,1909f56bfc062723c751e8b465ee728b)
Start importing Assets/Addition/craftpix-895410-free-jungle-cartoon-2d-game-ui/AI/settings.ai using Guid(d2e1870e86de6df4ca4ab33631fbf4e7) Importer(815301076,1909f56bfc062723c751e8b465ee728b) [PhysX] Initialized MultithreadedTaskDispatcher with 16 workers.
 -> (artifact id: 'd5519937816bd6133416cea07b745d7d') in 0.000763 seconds
Number of updated asset objects reloaded before import = 0
Number of asset objects unloaded after import = 1
========================================================================
Received Import Request.
  Time since last request: 0.125634 seconds.
  path: Assets/Addition/craftpix-895410-free-jungle-cartoon-2d-game-ui/AI/shop.ai
  artifactKey: Guid(6efb7366c224b9248aaf0e2cc4b86d02) Importer(815301076,1909f56bfc062723c751e8b465ee728b)
Start importing Assets/Addition/craftpix-895410-free-jungle-cartoon-2d-game-ui/AI/shop.ai using Guid(6efb7366c224b9248aaf0e2cc4b86d02) Importer(815301076,1909f56bfc062723c751e8b465ee728b) [PhysX] Initialized MultithreadedTaskDispatcher with 16 workers.
 -> (artifact id: '701116b22cfcd72b416409c2aa06ca60') in 0.000794 seconds
Number of updated asset objects reloaded before import = 0
Number of asset objects unloaded after import = 1
========================================================================
Received Import Request.
  Time since last request: 0.011611 seconds.
  path: Assets/Addition/gems_gui/ai/bg.ai
  artifactKey: Guid(2a01343e1b1d1b64c952c02ce491114e) Importer(815301076,1909f56bfc062723c751e8b465ee728b)
Start importing Assets/Addition/gems_gui/ai/bg.ai using Guid(2a01343e1b1d1b64c952c02ce491114e) Importer(815301076,1909f56bfc062723c751e8b465ee728b) [PhysX] Initialized MultithreadedTaskDispatcher with 16 workers.
 -> (artifact id: 'c56f40d4de36edf7e86b9e4bde2a7f5c') in 0.000792 seconds
Number of updated asset objects reloaded before import = 0
Number of asset objects unloaded after import = 1
========================================================================
Received Import Request.
  Time since last request: 0.008641 seconds.
  path: Assets/Addition/craftpix-895410-free-jungle-cartoon-2d-game-ui/EPS/pause.eps
  artifactKey: Guid(9c2b6e6c705079b49b341c619bac1d4f) Importer(815301076,1909f56bfc062723c751e8b465ee728b)
Start importing Assets/Addition/craftpix-895410-free-jungle-cartoon-2d-game-ui/EPS/pause.eps using Guid(9c2b6e6c705079b49b341c619bac1d4f) Importer(815301076,1909f56bfc062723c751e8b465ee728b) [PhysX] Initialized MultithreadedTaskDispatcher with 16 workers.
 -> (artifact id: 'bb60627c2cc8ce705207c8754fcfd85e') in 0.000826 seconds
Number of updated asset objects reloaded before import = 0
Number of asset objects unloaded after import = 1
========================================================================
Received Import Request.
  Time since last request: 0.140549 seconds.
  path: Assets/Addition/craftpix-895410-free-jungle-cartoon-2d-game-ui/AI/clouds.ai
  artifactKey: Guid(b06b8b889d5b66c43bedff03a903c1c7) Importer(815301076,1909f56bfc062723c751e8b465ee728b)
Start importing Assets/Addition/craftpix-895410-free-jungle-cartoon-2d-game-ui/AI/clouds.ai using Guid(b06b8b889d5b66c43bedff03a903c1c7) Importer(815301076,1909f56bfc062723c751e8b465ee728b) [PhysX] Initialized MultithreadedTaskDispatcher with 16 workers.
 -> (artifact id: '57ecaa0f793eb3e635f11791040003e0') in 0.000791 seconds
Number of updated asset objects reloaded before import = 0
Number of asset objects unloaded after import = 1
========================================================================
Received Import Request.
  Time since last request: 0.027917 seconds.
  path: Assets/Addition/gems_gui/License.txt
  artifactKey: Guid(4678a1b2516ce034584e100fee1adaaf) Importer(815301076,1909f56bfc062723c751e8b465ee728b)
Start importing Assets/Addition/gems_gui/License.txt using Guid(4678a1b2516ce034584e100fee1adaaf) Importer(815301076,1909f56bfc062723c751e8b465ee728b) [PhysX] Initialized MultithreadedTaskDispatcher with 16 workers.
 -> (artifact id: '01d4cf96ee97e0e9c4952cee3de5e998') in 0.000960 seconds
Number of updated asset objects reloaded before import = 0
Number of asset objects unloaded after import = 1
========================================================================
Received Import Request.
  Time since last request: 0.025232 seconds.
  path: Assets/Scripts/GameOverController.cs
  artifactKey: Guid(eeff643c7d405eb4aa4f1e7e8f184787) Importer(815301076,1909f56bfc062723c751e8b465ee728b)
Start importing Assets/Scripts/GameOverController.cs using Guid(eeff643c7d405eb4aa4f1e7e8f184787) Importer(815301076,1909f56bfc062723c751e8b465ee728b) [PhysX] Initialized MultithreadedTaskDispatcher with 16 workers.
 -> (artifact id: '1965a5dceb75e12e6bf7d8425729fb06') in 0.000486 seconds
Number of updated asset objects reloaded before import = 0
Number of asset objects unloaded after import = 0
========================================================================
Received Import Request.
  Time since last request: 0.008153 seconds.
  path: Assets/Addition/craftpix-895410-free-jungle-cartoon-2d-game-ui/EPS/clouds.eps
  artifactKey: Guid(63028aaf082533c4a807f93812fc0cb7) Importer(815301076,1909f56bfc062723c751e8b465ee728b)
Start importing Assets/Addition/craftpix-895410-free-jungle-cartoon-2d-game-ui/EPS/clouds.eps using Guid(63028aaf082533c4a807f93812fc0cb7) Importer(815301076,1909f56bfc062723c751e8b465ee728b) [PhysX] Initialized MultithreadedTaskDispatcher with 16 workers.
 -> (artifact id: '71dbf9ae7a0a1e4f044066be9ded7a7a') in 0.000798 seconds
Number of updated asset objects reloaded before import = 0
Number of asset objects unloaded after import = 1
========================================================================
Received Import Request.
  Time since last request: 0.013526 seconds.
  path: Assets/Addition/craftpix-895410-free-jungle-cartoon-2d-game-ui/EPS/menu.eps
  artifactKey: Guid(8e5a7cd3382e3f940a5af8b5dd8a8aa2) Importer(815301076,1909f56bfc062723c751e8b465ee728b)
Start importing Assets/Addition/craftpix-895410-free-jungle-cartoon-2d-game-ui/EPS/menu.eps using Guid(8e5a7cd3382e3f940a5af8b5dd8a8aa2) Importer(815301076,1909f56bfc062723c751e8b465ee728b) [PhysX] Initialized MultithreadedTaskDispatcher with 16 workers.
 -> (artifact id: '1acbc60e0b0ff33416064f90d7ad7c6b') in 0.001372 seconds
Number of updated asset objects reloaded before import = 0
Number of asset objects unloaded after import = 1
========================================================================
Received Import Request.
  Time since last request: 0.083815 seconds.
  path: Assets/Addition/craftpix-895410-free-jungle-cartoon-2d-game-ui/AI/load_bar.ai
  artifactKey: Guid(266b50de507819f4bab12e220c6d9061) Importer(815301076,1909f56bfc062723c751e8b465ee728b)
Start importing Assets/Addition/craftpix-895410-free-jungle-cartoon-2d-game-ui/AI/load_bar.ai using Guid(266b50de507819f4bab12e220c6d9061) Importer(815301076,1909f56bfc062723c751e8b465ee728b) [PhysX] Initialized MultithreadedTaskDispatcher with 16 workers.
 -> (artifact id: 'b0f5d9dd4ad225cff0d945522ec9edd9') in 0.000811 seconds
Number of updated asset objects reloaded before import = 0
Number of asset objects unloaded after import = 1
========================================================================
Received Import Request.
  Time since last request: 0.020411 seconds.
  path: Assets/Addition/craftpix-895410-free-jungle-cartoon-2d-game-ui/EPS/settings.eps
  artifactKey: Guid(7fdf9fd6e3ea7ad4bb8cb547e43d2aeb) Importer(815301076,1909f56bfc062723c751e8b465ee728b)
Start importing Assets/Addition/craftpix-895410-free-jungle-cartoon-2d-game-ui/EPS/settings.eps using Guid(7fdf9fd6e3ea7ad4bb8cb547e43d2aeb) Importer(815301076,1909f56bfc062723c751e8b465ee728b) [PhysX] Initialized MultithreadedTaskDispatcher with 16 workers.
 -> (artifact id: 'b08933281bbc9dbe1256110e1d46b46c') in 0.000893 seconds
Number of updated asset objects reloaded before import = 0
Number of asset objects unloaded after import = 1
========================================================================
Received Import Request.
  Time since last request: 0.002086 seconds.
  path: Assets/Addition/gems_gui/transparent png
  artifactKey: Guid(7a9cae9e36ee0ca4bbf2daf57bf1a0f7) Importer(815301076,1909f56bfc062723c751e8b465ee728b)
Start importing Assets/Addition/gems_gui/transparent png using Guid(7a9cae9e36ee0ca4bbf2daf57bf1a0f7) Importer(815301076,1909f56bfc062723c751e8b465ee728b) [PhysX] Initialized MultithreadedTaskDispatcher with 16 workers.
 -> (artifact id: '4f44591ad4c1800399c40048c1de7c08') in 0.000504 seconds
Number of updated asset objects reloaded before import = 0
Number of asset objects unloaded after import = 0
========================================================================
Received Import Request.
  Time since last request: 0.001888 seconds.
  path: Assets/Addition/craftpix-895410-free-jungle-cartoon-2d-game-ui/PNG/clouds
  artifactKey: Guid(4c2916979747dd44a971294d9370ad51) Importer(815301076,1909f56bfc062723c751e8b465ee728b)
Start importing Assets/Addition/craftpix-895410-free-jungle-cartoon-2d-game-ui/PNG/clouds using Guid(4c2916979747dd44a971294d9370ad51) Importer(815301076,1909f56bfc062723c751e8b465ee728b) [PhysX] Initialized MultithreadedTaskDispatcher with 16 workers.
 -> (artifact id: '1c399ae4d91058a446a7c224fa6dff34') in 0.000528 seconds
Number of updated asset objects reloaded before import = 0
Number of asset objects unloaded after import = 0
========================================================================
Received Import Request.
  Time since last request: 0.111978 seconds.
  path: Assets/Addition/craftpix-895410-free-jungle-cartoon-2d-game-ui/AI/menu.ai
  artifactKey: Guid(87b426ff8337d96449ee8f2f5c91410e) Importer(815301076,1909f56bfc062723c751e8b465ee728b)
Start importing Assets/Addition/craftpix-895410-free-jungle-cartoon-2d-game-ui/AI/menu.ai using Guid(87b426ff8337d96449ee8f2f5c91410e) Importer(815301076,1909f56bfc062723c751e8b465ee728b) [PhysX] Initialized MultithreadedTaskDispatcher with 16 workers.
 -> (artifact id: '20af55aeba1774f42c8b871ad4955887') in 0.000830 seconds
Number of updated asset objects reloaded before import = 0
Number of asset objects unloaded after import = 1
========================================================================
Received Import Request.
  Time since last request: 0.130580 seconds.
  path: Assets/Addition/craftpix-895410-free-jungle-cartoon-2d-game-ui/AI/upgrade.ai
  artifactKey: Guid(e785b123620f9f74eb6d4149c5981161) Importer(815301076,1909f56bfc062723c751e8b465ee728b)
Start importing Assets/Addition/craftpix-895410-free-jungle-cartoon-2d-game-ui/AI/upgrade.ai using Guid(e785b123620f9f74eb6d4149c5981161) Importer(815301076,1909f56bfc062723c751e8b465ee728b) [PhysX] Initialized MultithreadedTaskDispatcher with 16 workers.
 -> (artifact id: '9521d2519145aef0ac40c319d14b9c07') in 0.000845 seconds
Number of updated asset objects reloaded before import = 0
Number of asset objects unloaded after import = 1
========================================================================
Received Import Request.
  Time since last request: 0.006373 seconds.
  path: Assets/Addition/craftpix-895410-free-jungle-cartoon-2d-game-ui/EPS/upgrade.eps
  artifactKey: Guid(333390e3853f17340a90b6426c482568) Importer(815301076,1909f56bfc062723c751e8b465ee728b)
Start importing Assets/Addition/craftpix-895410-free-jungle-cartoon-2d-game-ui/EPS/upgrade.eps using Guid(333390e3853f17340a90b6426c482568) Importer(815301076,1909f56bfc062723c751e8b465ee728b) [PhysX] Initialized MultithreadedTaskDispatcher with 16 workers.
 -> (artifact id: 'ac5f490848387e11442536859159a0df') in 0.000894 seconds
Number of updated asset objects reloaded before import = 0
Number of asset objects unloaded after import = 1
========================================================================
Received Import Request.
  Time since last request: 0.013454 seconds.
  path: Assets/Scenes
  artifactKey: Guid(6613de46a000f7547aa13cec76d72df4) Importer(815301076,1909f56bfc062723c751e8b465ee728b)
Start importing Assets/Scenes using Guid(6613de46a000f7547aa13cec76d72df4) Importer(815301076,1909f56bfc062723c751e8b465ee728b) [PhysX] Initialized MultithreadedTaskDispatcher with 16 workers.
 -> (artifact id: '12ae096aa89b442542b7e6e0d5470c06') in 0.000525 seconds
Number of updated asset objects reloaded before import = 0
Number of asset objects unloaded after import = 0
========================================================================
Received Import Request.
  Time since last request: 0.057564 seconds.
  path: Assets/Addition/craftpix-895410-free-jungle-cartoon-2d-game-ui/AI/rating.ai
  artifactKey: Guid(9507cbbea50a1454695ccb0d10ae447c) Importer(815301076,1909f56bfc062723c751e8b465ee728b)
Start importing Assets/Addition/craftpix-895410-free-jungle-cartoon-2d-game-ui/AI/rating.ai using Guid(9507cbbea50a1454695ccb0d10ae447c) Importer(815301076,1909f56bfc062723c751e8b465ee728b) [PhysX] Initialized MultithreadedTaskDispatcher with 16 workers.
 -> (artifact id: '4a40aa2248013716222036f73c576e45') in 0.000802 seconds
Number of updated asset objects reloaded before import = 0
Number of asset objects unloaded after import = 1
========================================================================
Received Import Request.
  Time since last request: 0.010865 seconds.
  path: Assets/Addition/craftpix-895410-free-jungle-cartoon-2d-game-ui/EPS/level_select.eps
  artifactKey: Guid(f778eea02cb1cfe49ba6e1c319e2d13e) Importer(815301076,1909f56bfc062723c751e8b465ee728b)
Start importing Assets/Addition/craftpix-895410-free-jungle-cartoon-2d-game-ui/EPS/level_select.eps using Guid(f778eea02cb1cfe49ba6e1c319e2d13e) Importer(815301076,1909f56bfc062723c751e8b465ee728b) [PhysX] Initialized MultithreadedTaskDispatcher with 16 workers.
 -> (artifact id: '9f1562a9a81229dc2ff93b6e5cac9fb7') in 0.000921 seconds
Number of updated asset objects reloaded before import = 0
Number of asset objects unloaded after import = 1
========================================================================
Received Import Request.
  Time since last request: 0.036208 seconds.
  path: Assets/Addition/craftpix-895410-free-jungle-cartoon-2d-game-ui/TXT/readme.txt
  artifactKey: Guid(bc34a50661f347645aa5e003731f1850) Importer(815301076,1909f56bfc062723c751e8b465ee728b)
Start importing Assets/Addition/craftpix-895410-free-jungle-cartoon-2d-game-ui/TXT/readme.txt using Guid(bc34a50661f347645aa5e003731f1850) Importer(815301076,1909f56bfc062723c751e8b465ee728b) [PhysX] Initialized MultithreadedTaskDispatcher with 16 workers.
 -> (artifact id: '8609659c77d52827112ba483bf3e6c54') in 0.000951 seconds
Number of updated asset objects reloaded before import = 0
Number of asset objects unloaded after import = 1
========================================================================
Received Import Request.
  Time since last request: 0.158295 seconds.
  path: Assets/Addition/craftpix-895410-free-jungle-cartoon-2d-game-ui/AI/bubble.ai
  artifactKey: Guid(002e324d8644f2f4c953b2c52b0c49ae) Importer(815301076,1909f56bfc062723c751e8b465ee728b)
Start importing Assets/Addition/craftpix-895410-free-jungle-cartoon-2d-game-ui/AI/bubble.ai using Guid(002e324d8644f2f4c953b2c52b0c49ae) Importer(815301076,1909f56bfc062723c751e8b465ee728b) [PhysX] Initialized MultithreadedTaskDispatcher with 16 workers.
 -> (artifact id: '16134d164562f6205684f10ec2c0458b') in 0.000890 seconds
Number of updated asset objects reloaded before import = 0
Number of asset objects unloaded after import = 1
========================================================================
Received Import Request.
  Time since last request: 0.001633 seconds.
  path: Assets/Addition/gems_gui/png
  artifactKey: Guid(ac4dac8abaa18a64db9fa7fe5a89b522) Importer(815301076,1909f56bfc062723c751e8b465ee728b)
Start importing Assets/Addition/gems_gui/png using Guid(ac4dac8abaa18a64db9fa7fe5a89b522) Importer(815301076,1909f56bfc062723c751e8b465ee728b) [PhysX] Initialized MultithreadedTaskDispatcher with 16 workers.
 -> (artifact id: '71de9dc3d2012e457005f0f3bb12bcd7') in 0.000399 seconds
Number of updated asset objects reloaded before import = 0
Number of asset objects unloaded after import = 0
========================================================================
Received Import Request.
  Time since last request: 0.076313 seconds.
  path: Assets/Addition/craftpix-895410-free-jungle-cartoon-2d-game-ui/AI/match3.ai
  artifactKey: Guid(b404bf878c8a90641adec8b4ee5b3d5e) Importer(815301076,1909f56bfc062723c751e8b465ee728b)
Start importing Assets/Addition/craftpix-895410-free-jungle-cartoon-2d-game-ui/AI/match3.ai using Guid(b404bf878c8a90641adec8b4ee5b3d5e) Importer(815301076,1909f56bfc062723c751e8b465ee728b) [PhysX] Initialized MultithreadedTaskDispatcher with 16 workers.
 -> (artifact id: '7200e946a953b3caa1b90c2898acd4c2') in 0.000823 seconds
Number of updated asset objects reloaded before import = 0
Number of asset objects unloaded after import = 1
========================================================================
Received Import Request.
  Time since last request: 0.010176 seconds.
  path: Assets/Addition/craftpix-895410-free-jungle-cartoon-2d-game-ui/EPS/rating.eps
  artifactKey: Guid(da278d6468b5f084eb1704c3ddf79a58) Importer(815301076,1909f56bfc062723c751e8b465ee728b)
Start importing Assets/Addition/craftpix-895410-free-jungle-cartoon-2d-game-ui/EPS/rating.eps using Guid(da278d6468b5f084eb1704c3ddf79a58) Importer(815301076,1909f56bfc062723c751e8b465ee728b) [PhysX] Initialized MultithreadedTaskDispatcher with 16 workers.
 -> (artifact id: 'c00e2a5de41300f09cba8a274f9358c1') in 0.000793 seconds
Number of updated asset objects reloaded before import = 0
Number of asset objects unloaded after import = 1
========================================================================
Received Import Request.
  Time since last request: 0.026869 seconds.
  path: Assets/Addition/gems_gui/ai/level_complete.ai
  artifactKey: Guid(85cf969fc65658541b01f279c922da36) Importer(815301076,1909f56bfc062723c751e8b465ee728b)
Start importing Assets/Addition/gems_gui/ai/level_complete.ai using Guid(85cf969fc65658541b01f279c922da36) Importer(815301076,1909f56bfc062723c751e8b465ee728b) [PhysX] Initialized MultithreadedTaskDispatcher with 16 workers.
 -> (artifact id: '95e0a2e7ca00afd7679dfdffe3e572f7') in 0.000828 seconds
Number of updated asset objects reloaded before import = 0
Number of asset objects unloaded after import = 1
========================================================================
Received Import Request.
  Time since last request: 0.017873 seconds.
  path: Assets/Addition/gems_gui/ai/paused.ai
  artifactKey: Guid(a6f8731d6151f0e4da72d87bc05ebf11) Importer(815301076,1909f56bfc062723c751e8b465ee728b)
Start importing Assets/Addition/gems_gui/ai/paused.ai using Guid(a6f8731d6151f0e4da72d87bc05ebf11) Importer(815301076,1909f56bfc062723c751e8b465ee728b) [PhysX] Initialized MultithreadedTaskDispatcher with 16 workers.
 -> (artifact id: '7b8fe1432deb6385018e6acfc2bc0a24') in 0.000795 seconds
Number of updated asset objects reloaded before import = 0
Number of asset objects unloaded after import = 1
========================================================================
Received Import Request.
  Time since last request: 0.002032 seconds.
  path: Assets/Addition/craftpix-895410-free-jungle-cartoon-2d-game-ui/PNG/match3
  artifactKey: Guid(0f733266b8354434aba63a3e525ee75e) Importer(815301076,1909f56bfc062723c751e8b465ee728b)
Start importing Assets/Addition/craftpix-895410-free-jungle-cartoon-2d-game-ui/PNG/match3 using Guid(0f733266b8354434aba63a3e525ee75e) Importer(815301076,1909f56bfc062723c751e8b465ee728b) [PhysX] Initialized MultithreadedTaskDispatcher with 16 workers.
 -> (artifact id: 'bbd948cbba5a6f7293e55229f954c354') in 0.000410 seconds
Number of updated asset objects reloaded before import = 0
Number of asset objects unloaded after import = 0
========================================================================
Received Import Request.
  Time since last request: 0.134702 seconds.
  path: Assets/Addition/craftpix-895410-free-jungle-cartoon-2d-game-ui/AI/you_win.ai
  artifactKey: Guid(dcf109057132acd42a9d492ae8c7bb90) Importer(815301076,1909f56bfc062723c751e8b465ee728b)
Start importing Assets/Addition/craftpix-895410-free-jungle-cartoon-2d-game-ui/AI/you_win.ai using Guid(dcf109057132acd42a9d492ae8c7bb90) Importer(815301076,1909f56bfc062723c751e8b465ee728b) [PhysX] Initialized MultithreadedTaskDispatcher with 16 workers.
 -> (artifact id: '3671cb023fa843705de18f4c6a6f7d77') in 0.000768 seconds
Number of updated asset objects reloaded before import = 0
Number of asset objects unloaded after import = 1
========================================================================
Received Import Request.
  Time since last request: 0.052163 seconds.
  path: Assets/Addition/craftpix-895410-free-jungle-cartoon-2d-game-ui/EPS/load_bar.eps
  artifactKey: Guid(0f0729498d6c44044b752cfaeda8f6c3) Importer(815301076,1909f56bfc062723c751e8b465ee728b)
Start importing Assets/Addition/craftpix-895410-free-jungle-cartoon-2d-game-ui/EPS/load_bar.eps using Guid(0f0729498d6c44044b752cfaeda8f6c3) Importer(815301076,1909f56bfc062723c751e8b465ee728b) [PhysX] Initialized MultithreadedTaskDispatcher with 16 workers.
 -> (artifact id: 'e94dbccab9723c40d302e5c6ef091574') in 0.000792 seconds
Number of updated asset objects reloaded before import = 0
Number of asset objects unloaded after import = 1
========================================================================
Received Import Request.
  Time since last request: 0.024707 seconds.
  path: Assets/Addition/craftpix-895410-free-jungle-cartoon-2d-game-ui/EPS/shop.eps
  artifactKey: Guid(795e5647be5eef145bb0dd88bd9f9423) Importer(815301076,1909f56bfc062723c751e8b465ee728b)
Start importing Assets/Addition/craftpix-895410-free-jungle-cartoon-2d-game-ui/EPS/shop.eps using Guid(795e5647be5eef145bb0dd88bd9f9423) Importer(815301076,1909f56bfc062723c751e8b465ee728b) [PhysX] Initialized MultithreadedTaskDispatcher with 16 workers.
 -> (artifact id: 'aca0942b7c527966a36553decace7818') in 0.000852 seconds
Number of updated asset objects reloaded before import = 0
Number of asset objects unloaded after import = 1
========================================================================
Received Import Request.
  Time since last request: 0.005539 seconds.
  path: Assets/Addition/craftpix-895410-free-jungle-cartoon-2d-game-ui/PNG/pause
  artifactKey: Guid(b2ad4ccb00529a94bbad0960e0d02a9c) Importer(815301076,1909f56bfc062723c751e8b465ee728b)
Start importing Assets/Addition/craftpix-895410-free-jungle-cartoon-2d-game-ui/PNG/pause using Guid(b2ad4ccb00529a94bbad0960e0d02a9c) Importer(815301076,1909f56bfc062723c751e8b465ee728b) [PhysX] Initialized MultithreadedTaskDispatcher with 16 workers.
 -> (artifact id: '5245c12174f26943261244803f43ae0c') in 0.000485 seconds
Number of updated asset objects reloaded before import = 0
Number of asset objects unloaded after import = 0
========================================================================
Received Import Request.
  Time since last request: 0.006229 seconds.
  path: Assets/Addition/craftpix-895410-free-jungle-cartoon-2d-game-ui/PNG/you_win
  artifactKey: Guid(3e4cd03532c04dd4bac809b00228e1c0) Importer(815301076,1909f56bfc062723c751e8b465ee728b)
Start importing Assets/Addition/craftpix-895410-free-jungle-cartoon-2d-game-ui/PNG/you_win using Guid(3e4cd03532c04dd4bac809b00228e1c0) Importer(815301076,1909f56bfc062723c751e8b465ee728b) [PhysX] Initialized MultithreadedTaskDispatcher with 16 workers.
 -> (artifact id: 'd060b781e582d94b9ee47208ced2eac0') in 0.000463 seconds
Number of updated asset objects reloaded before import = 0
Number of asset objects unloaded after import = 0
========================================================================
Received Import Request.
  Time since last request: 0.014752 seconds.
  path: Assets/Addition/craftpix-895410-free-jungle-cartoon-2d-game-ui/PNG/level_select
  artifactKey: Guid(79d8ca4e72eb48e42b966f17f5494307) Importer(815301076,1909f56bfc062723c751e8b465ee728b)
Start importing Assets/Addition/craftpix-895410-free-jungle-cartoon-2d-game-ui/PNG/level_select using Guid(79d8ca4e72eb48e42b966f17f5494307) Importer(815301076,1909f56bfc062723c751e8b465ee728b) [PhysX] Initialized MultithreadedTaskDispatcher with 16 workers.
 -> (artifact id: '03834cbbd0d10a298da70a4566ebad45') in 0.000539 seconds
Number of updated asset objects reloaded before import = 0
Number of asset objects unloaded after import = 0
========================================================================
Received Import Request.
  Time since last request: 0.027282 seconds.
  path: Assets/Addition/craftpix-895410-free-jungle-cartoon-2d-game-ui/PNG/settings
  artifactKey: Guid(44dc2e5f11fef53478220feaff4ddde3) Importer(815301076,1909f56bfc062723c751e8b465ee728b)
Start importing Assets/Addition/craftpix-895410-free-jungle-cartoon-2d-game-ui/PNG/settings using Guid(44dc2e5f11fef53478220feaff4ddde3) Importer(815301076,1909f56bfc062723c751e8b465ee728b) [PhysX] Initialized MultithreadedTaskDispatcher with 16 workers.
 -> (artifact id: 'ae0ed8dc382cadcf63626c0956290553') in 0.000477 seconds
Number of updated asset objects reloaded before import = 0
Number of asset objects unloaded after import = 0
========================================================================
Received Import Request.
  Time since last request: 0.011936 seconds.
  path: Assets/Addition/gems_gui/ai/options.ai
  artifactKey: Guid(cdbbfedd6d7cbe4469d24236661a96c6) Importer(815301076,1909f56bfc062723c751e8b465ee728b)
Start importing Assets/Addition/gems_gui/ai/options.ai using Guid(cdbbfedd6d7cbe4469d24236661a96c6) Importer(815301076,1909f56bfc062723c751e8b465ee728b) [PhysX] Initialized MultithreadedTaskDispatcher with 16 workers.
 -> (artifact id: '4fc24c452eb05379c826a2bc0b772f18') in 0.000832 seconds
Number of updated asset objects reloaded before import = 0
Number of asset objects unloaded after import = 1
========================================================================
Received Import Request.
  Time since last request: 0.013165 seconds.
  path: Assets/Addition/craftpix-895410-free-jungle-cartoon-2d-game-ui/PNG/rating
  artifactKey: Guid(82856fca085e8de4e9c2b338c81f17f5) Importer(815301076,1909f56bfc062723c751e8b465ee728b)
Start importing Assets/Addition/craftpix-895410-free-jungle-cartoon-2d-game-ui/PNG/rating using Guid(82856fca085e8de4e9c2b338c81f17f5) Importer(815301076,1909f56bfc062723c751e8b465ee728b) [PhysX] Initialized MultithreadedTaskDispatcher with 16 workers.
 -> (artifact id: '82ec8a73920ebd3b7b5e2881ec7f4893') in 0.000470 seconds
Number of updated asset objects reloaded before import = 0
Number of asset objects unloaded after import = 0
========================================================================
Received Import Request.
  Time since last request: 0.063848 seconds.
  path: Assets/Addition/gems_gui/ai/levels.ai
  artifactKey: Guid(0b5bfd56a21e385418b2d7e0701abff0) Importer(815301076,1909f56bfc062723c751e8b465ee728b)
Start importing Assets/Addition/gems_gui/ai/levels.ai using Guid(0b5bfd56a21e385418b2d7e0701abff0) Importer(815301076,1909f56bfc062723c751e8b465ee728b) [PhysX] Initialized MultithreadedTaskDispatcher with 16 workers.
 -> (artifact id: '1a42b24070a02cce07b32dee87083735') in 0.000860 seconds
Number of updated asset objects reloaded before import = 0
Number of asset objects unloaded after import = 1
========================================================================
Received Import Request.
  Time since last request: 0.071231 seconds.
  path: Assets/Addition/gems_gui/psd
  artifactKey: Guid(c6d573e24fd6ddd40a5c39350e262961) Importer(815301076,1909f56bfc062723c751e8b465ee728b)
Start importing Assets/Addition/gems_gui/psd using Guid(c6d573e24fd6ddd40a5c39350e262961) Importer(815301076,1909f56bfc062723c751e8b465ee728b) [PhysX] Initialized MultithreadedTaskDispatcher with 16 workers.
 -> (artifact id: 'c8ca7cc614f0dd34bfa78b79666dc463') in 0.000525 seconds
Number of updated asset objects reloaded before import = 0
Number of asset objects unloaded after import = 0
========================================================================
Received Import Request.
  Time since last request: 0.197256 seconds.
  path: Assets/Addition/craftpix-895410-free-jungle-cartoon-2d-game-ui/AI/level_select.ai
  artifactKey: Guid(485d34a85c05280449d08d6f8fd5499e) Importer(815301076,1909f56bfc062723c751e8b465ee728b)
Start importing Assets/Addition/craftpix-895410-free-jungle-cartoon-2d-game-ui/AI/level_select.ai using Guid(485d34a85c05280449d08d6f8fd5499e) Importer(815301076,1909f56bfc062723c751e8b465ee728b) [PhysX] Initialized MultithreadedTaskDispatcher with 16 workers.
 -> (artifact id: '89a25d4b24ae29644c5f7d618093f63e') in 0.000827 seconds
Number of updated asset objects reloaded before import = 0
Number of asset objects unloaded after import = 1
========================================================================
Received Import Request.
  Time since last request: 0.001457 seconds.
  path: Assets/Addition/craftpix-895410-free-jungle-cartoon-2d-game-ui/TXT
  artifactKey: Guid(b6106eb95dd6666449d030169900ecdc) Importer(815301076,1909f56bfc062723c751e8b465ee728b)
Start importing Assets/Addition/craftpix-895410-free-jungle-cartoon-2d-game-ui/TXT using Guid(b6106eb95dd6666449d030169900ecdc) Importer(815301076,1909f56bfc062723c751e8b465ee728b) [PhysX] Initialized MultithreadedTaskDispatcher with 16 workers.
 -> (artifact id: '1fc05143ed10243b511bce2907b7fc79') in 0.000397 seconds
Number of updated asset objects reloaded before import = 0
Number of asset objects unloaded after import = 0
========================================================================
Received Import Request.
  Time since last request: 0.003756 seconds.
  path: Assets/Addition/gems_gui/ai/upgrades.ai
  artifactKey: Guid(c8220b1c9f583ba48b419c397288e7b6) Importer(815301076,1909f56bfc062723c751e8b465ee728b)
Start importing Assets/Addition/gems_gui/ai/upgrades.ai using Guid(c8220b1c9f583ba48b419c397288e7b6) Importer(815301076,1909f56bfc062723c751e8b465ee728b) [PhysX] Initialized MultithreadedTaskDispatcher with 16 workers.
 -> (artifact id: 'a991cd70d47f8cae52b7cd7261d7d46f') in 0.000865 seconds
Number of updated asset objects reloaded before import = 0
Number of asset objects unloaded after import = 1
========================================================================
Received Import Request.
  Time since last request: 0.132340 seconds.
  path: Assets/Addition/craftpix-895410-free-jungle-cartoon-2d-game-ui/AI/btn.ai
  artifactKey: Guid(265111fc1cab8244f997e62b497b5f31) Importer(815301076,1909f56bfc062723c751e8b465ee728b)
Start importing Assets/Addition/craftpix-895410-free-jungle-cartoon-2d-game-ui/AI/btn.ai using Guid(265111fc1cab8244f997e62b497b5f31) Importer(815301076,1909f56bfc062723c751e8b465ee728b) [PhysX] Initialized MultithreadedTaskDispatcher with 16 workers.
 -> (artifact id: '8e81c3e391a98816879945720a3dd539') in 0.000787 seconds
Number of updated asset objects reloaded before import = 0
Number of asset objects unloaded after import = 1
========================================================================
Received Import Request.
  Time since last request: 0.019039 seconds.
  path: Assets/Addition/craftpix-895410-free-jungle-cartoon-2d-game-ui/PNG/load_bar
  artifactKey: Guid(8cfd3c7d2c4221d4bbeb5d0474cecebd) Importer(815301076,1909f56bfc062723c751e8b465ee728b)
Start importing Assets/Addition/craftpix-895410-free-jungle-cartoon-2d-game-ui/PNG/load_bar using Guid(8cfd3c7d2c4221d4bbeb5d0474cecebd) Importer(815301076,1909f56bfc062723c751e8b465ee728b) [PhysX] Initialized MultithreadedTaskDispatcher with 16 workers.
 -> (artifact id: 'e425cd4c97746f3e051008d339a245fe') in 0.000451 seconds
Number of updated asset objects reloaded before import = 0
Number of asset objects unloaded after import = 0
========================================================================
Received Import Request.
  Time since last request: 0.007475 seconds.
  path: Assets/Addition/craftpix-895410-free-jungle-cartoon-2d-game-ui/EPS/bubble.eps
  artifactKey: Guid(59c80f77fffc10c4eb62f94794034965) Importer(815301076,1909f56bfc062723c751e8b465ee728b)
Start importing Assets/Addition/craftpix-895410-free-jungle-cartoon-2d-game-ui/EPS/bubble.eps using Guid(59c80f77fffc10c4eb62f94794034965) Importer(815301076,1909f56bfc062723c751e8b465ee728b) [PhysX] Initialized MultithreadedTaskDispatcher with 16 workers.
 -> (artifact id: '3a1ce44d2011bc31fad0833ec11f97ac') in 0.000888 seconds
Number of updated asset objects reloaded before import = 0
Number of asset objects unloaded after import = 1
========================================================================
Received Import Request.
  Time since last request: 0.089461 seconds.
  path: Assets/Addition/craftpix-895410-free-jungle-cartoon-2d-game-ui/PNG/shop
  artifactKey: Guid(a9ddae21da016a94d935eb67c2e988d1) Importer(815301076,1909f56bfc062723c751e8b465ee728b)
Start importing Assets/Addition/craftpix-895410-free-jungle-cartoon-2d-game-ui/PNG/shop using Guid(a9ddae21da016a94d935eb67c2e988d1) Importer(815301076,1909f56bfc062723c751e8b465ee728b) [PhysX] Initialized MultithreadedTaskDispatcher with 16 workers.
 -> (artifact id: '1aa70e670090fc239724318542fa0006') in 0.000473 seconds
Number of updated asset objects reloaded before import = 0
Number of asset objects unloaded after import = 0
========================================================================
Received Import Request.
  Time since last request: 0.083971 seconds.
  path: Assets/Addition/craftpix-895410-free-jungle-cartoon-2d-game-ui/EPS/match3.eps
  artifactKey: Guid(5e1cc13af1d90b54d83e22824f61bbe3) Importer(815301076,1909f56bfc062723c751e8b465ee728b)
Start importing Assets/Addition/craftpix-895410-free-jungle-cartoon-2d-game-ui/EPS/match3.eps using Guid(5e1cc13af1d90b54d83e22824f61bbe3) Importer(815301076,1909f56bfc062723c751e8b465ee728b) [PhysX] Initialized MultithreadedTaskDispatcher with 16 workers.
 -> (artifact id: 'ee884c60360e4c94bd4083a3cb24f482') in 0.000797 seconds
Number of updated asset objects reloaded before import = 0
Number of asset objects unloaded after import = 1
========================================================================
Received Import Request.
  Time since last request: 0.150665 seconds.
  path: Assets/Addition/craftpix-895410-free-jungle-cartoon-2d-game-ui/AI/you_lose.ai
  artifactKey: Guid(ff9c3027b78f26e4da71d868560b3ba7) Importer(815301076,1909f56bfc062723c751e8b465ee728b)
Start importing Assets/Addition/craftpix-895410-free-jungle-cartoon-2d-game-ui/AI/you_lose.ai using Guid(ff9c3027b78f26e4da71d868560b3ba7) Importer(815301076,1909f56bfc062723c751e8b465ee728b) [PhysX] Initialized MultithreadedTaskDispatcher with 16 workers.
 -> (artifact id: '2e110cd03209d80013460e62b290f322') in 0.000876 seconds
Number of updated asset objects reloaded before import = 0
Number of asset objects unloaded after import = 1
========================================================================
Received Import Request.
  Time since last request: 0.005814 seconds.
  path: Assets/Addition/craftpix-895410-free-jungle-cartoon-2d-game-ui/PNG/you_lose
  artifactKey: Guid(c171cd447ef3b1040b015f5fe4e219c6) Importer(815301076,1909f56bfc062723c751e8b465ee728b)
Start importing Assets/Addition/craftpix-895410-free-jungle-cartoon-2d-game-ui/PNG/you_lose using Guid(c171cd447ef3b1040b015f5fe4e219c6) Importer(815301076,1909f56bfc062723c751e8b465ee728b) [PhysX] Initialized MultithreadedTaskDispatcher with 16 workers.
 -> (artifact id: '88d95685394dc2ae456daf6d257ec902') in 0.000529 seconds
Number of updated asset objects reloaded before import = 0
Number of asset objects unloaded after import = 0
========================================================================
Received Import Request.
  Time since last request: 0.014896 seconds.
  path: Assets/Addition/craftpix-895410-free-jungle-cartoon-2d-game-ui/EPS/btn.eps
  artifactKey: Guid(50bea5c625ea4bb4d8d88698184cef46) Importer(815301076,1909f56bfc062723c751e8b465ee728b)
Start importing Assets/Addition/craftpix-895410-free-jungle-cartoon-2d-game-ui/EPS/btn.eps using Guid(50bea5c625ea4bb4d8d88698184cef46) Importer(815301076,1909f56bfc062723c751e8b465ee728b) [PhysX] Initialized MultithreadedTaskDispatcher with 16 workers.
 -> (artifact id: '4eaed18a878c1f4dbd9c0b4cb7f10cea') in 0.000794 seconds
Number of updated asset objects reloaded before import = 0
Number of asset objects unloaded after import = 1
========================================================================
Received Import Request.
  Time since last request: 0.010516 seconds.
  path: Assets/Addition/craftpix-895410-free-jungle-cartoon-2d-game-ui/EPS
  artifactKey: Guid(a25bc30a012f02a489a597f298900298) Importer(815301076,1909f56bfc062723c751e8b465ee728b)
Start importing Assets/Addition/craftpix-895410-free-jungle-cartoon-2d-game-ui/EPS using Guid(a25bc30a012f02a489a597f298900298) Importer(815301076,1909f56bfc062723c751e8b465ee728b) [PhysX] Initialized MultithreadedTaskDispatcher with 16 workers.
 -> (artifact id: '053ecf459911e2d822505134dc2259f9') in 0.000506 seconds
Number of updated asset objects reloaded before import = 0
Number of asset objects unloaded after import = 0
========================================================================
Received Import Request.
  Time since last request: 0.037663 seconds.
  path: Assets/Addition/craftpix-895410-free-jungle-cartoon-2d-game-ui/EPS/you_win.eps
  artifactKey: Guid(3370f295a61073d41a0e5e5347de9cc1) Importer(815301076,1909f56bfc062723c751e8b465ee728b)
Start importing Assets/Addition/craftpix-895410-free-jungle-cartoon-2d-game-ui/EPS/you_win.eps using Guid(3370f295a61073d41a0e5e5347de9cc1) Importer(815301076,1909f56bfc062723c751e8b465ee728b) [PhysX] Initialized MultithreadedTaskDispatcher with 16 workers.
 -> (artifact id: '73a62ea26f51264ca9b41c2ac4721632') in 0.000995 seconds
Number of updated asset objects reloaded before import = 0
Number of asset objects unloaded after import = 1
========================================================================
Received Import Request.
  Time since last request: 0.053781 seconds.
  path: Assets/Addition/craftpix-895410-free-jungle-cartoon-2d-game-ui/PNG/bubble
  artifactKey: Guid(547a263fc24520f43a9581bf99a01308) Importer(815301076,1909f56bfc062723c751e8b465ee728b)
Start importing Assets/Addition/craftpix-895410-free-jungle-cartoon-2d-game-ui/PNG/bubble using Guid(547a263fc24520f43a9581bf99a01308) Importer(815301076,1909f56bfc062723c751e8b465ee728b) [PhysX] Initialized MultithreadedTaskDispatcher with 16 workers.
 -> (artifact id: '54ea60508c147160b6a460730b4f3250') in 0.000641 seconds
Number of updated asset objects reloaded before import = 0
Number of asset objects unloaded after import = 0
========================================================================
Received Import Request.
  Time since last request: 0.028970 seconds.
  path: Assets/Addition/craftpix-895410-free-jungle-cartoon-2d-game-ui/PNG/upgrade
  artifactKey: Guid(5c49d311fbd8db34a8dc45f70466532e) Importer(815301076,1909f56bfc062723c751e8b465ee728b)
Start importing Assets/Addition/craftpix-895410-free-jungle-cartoon-2d-game-ui/PNG/upgrade using Guid(5c49d311fbd8db34a8dc45f70466532e) Importer(815301076,1909f56bfc062723c751e8b465ee728b) [PhysX] Initialized MultithreadedTaskDispatcher with 16 workers.
 -> (artifact id: 'bacb8b1e61ff844d7ab6e66ccddf4c22') in 0.000613 seconds
Number of updated asset objects reloaded before import = 0
Number of asset objects unloaded after import = 0
========================================================================
Received Import Request.
  Time since last request: 0.230758 seconds.
  path: Assets/Addition/craftpix-895410-free-jungle-cartoon-2d-game-ui/AI/pause.ai
  artifactKey: Guid(973669aa3ece38b408bfd4e423f717d1) Importer(815301076,1909f56bfc062723c751e8b465ee728b)
Start importing Assets/Addition/craftpix-895410-free-jungle-cartoon-2d-game-ui/AI/pause.ai using Guid(973669aa3ece38b408bfd4e423f717d1) Importer(815301076,1909f56bfc062723c751e8b465ee728b) [PhysX] Initialized MultithreadedTaskDispatcher with 16 workers.
 -> (artifact id: '97848216b82d7600a22187e250ddb9fa') in 0.000847 seconds
Number of updated asset objects reloaded before import = 0
Number of asset objects unloaded after import = 1
========================================================================
Received Import Request.
  Time since last request: 0.009908 seconds.
  path: Assets/Addition/craftpix-895410-free-jungle-cartoon-2d-game-ui/EPS/you_lose.eps
  artifactKey: Guid(9a9e3ae84b6e80f40829f38add11287a) Importer(815301076,1909f56bfc062723c751e8b465ee728b)
Start importing Assets/Addition/craftpix-895410-free-jungle-cartoon-2d-game-ui/EPS/you_lose.eps using Guid(9a9e3ae84b6e80f40829f38add11287a) Importer(815301076,1909f56bfc062723c751e8b465ee728b) [PhysX] Initialized MultithreadedTaskDispatcher with 16 workers.
 -> (artifact id: '0cba236bcad5552462555aa6ddeab03b') in 0.000768 seconds
Number of updated asset objects reloaded before import = 0
Number of asset objects unloaded after import = 1
========================================================================
Received Import Request.
  Time since last request: 0.001579 seconds.
  path: Assets/Addition/craftpix-895410-free-jungle-cartoon-2d-game-ui/PNG/btn
  artifactKey: Guid(3ca9fb694dcc0844dab50e108c71b4fd) Importer(815301076,1909f56bfc062723c751e8b465ee728b)
Start importing Assets/Addition/craftpix-895410-free-jungle-cartoon-2d-game-ui/PNG/btn using Guid(3ca9fb694dcc0844dab50e108c71b4fd) Importer(815301076,1909f56bfc062723c751e8b465ee728b) [PhysX] Initialized MultithreadedTaskDispatcher with 16 workers.
 -> (artifact id: 'c9c87531af8084acde1e332aa97c28ea') in 0.000352 seconds
Number of updated asset objects reloaded before import = 0
Number of asset objects unloaded after import = 0
========================================================================
Received Import Request.
  Time since last request: 0.016185 seconds.
  path: Assets/Addition/gems_gui/readme.txt
  artifactKey: Guid(d70b45b969fd3c741a58898eb42867d3) Importer(815301076,1909f56bfc062723c751e8b465ee728b)
Start importing Assets/Addition/gems_gui/readme.txt using Guid(d70b45b969fd3c741a58898eb42867d3) Importer(815301076,1909f56bfc062723c751e8b465ee728b) [PhysX] Initialized MultithreadedTaskDispatcher with 16 workers.
 -> (artifact id: '64fbf97b7c3fa5736df68d8e5c0d526b') in 0.000986 seconds
Number of updated asset objects reloaded before import = 0
Number of asset objects unloaded after import = 1
========================================================================
Received Import Request.
  Time since last request: 0.029106 seconds.
  path: Assets/Addition/gems_gui/ai/main.ai
  artifactKey: Guid(b7555480f9d17c54e93fa0467930ae47) Importer(815301076,1909f56bfc062723c751e8b465ee728b)
Start importing Assets/Addition/gems_gui/ai/main.ai using Guid(b7555480f9d17c54e93fa0467930ae47) Importer(815301076,1909f56bfc062723c751e8b465ee728b) [PhysX] Initialized MultithreadedTaskDispatcher with 16 workers.
 -> (artifact id: '85f7e875198babc3a4c798b02107792f') in 0.000800 seconds
Number of updated asset objects reloaded before import = 0
Number of asset objects unloaded after import = 1
========================================================================
Received Import Request.
  Time since last request: 0.045909 seconds.
  path: Assets/Addition/gems_gui/ai/all.ai
  artifactKey: Guid(c9e84b9a64f9ce34db4d29882f92e9f6) Importer(815301076,1909f56bfc062723c751e8b465ee728b)
Start importing Assets/Addition/gems_gui/ai/all.ai using Guid(c9e84b9a64f9ce34db4d29882f92e9f6) Importer(815301076,1909f56bfc062723c751e8b465ee728b) [PhysX] Initialized MultithreadedTaskDispatcher with 16 workers.
 -> (artifact id: 'f0f1ebb3cb856c5534a441b1d49445db') in 0.000846 seconds
Number of updated asset objects reloaded before import = 0
Number of asset objects unloaded after import = 1
========================================================================
Received Import Request.
  Time since last request: 0.012327 seconds.
  path: Assets/Addition/craftpix-895410-free-jungle-cartoon-2d-game-ui/TXT/license.txt
  artifactKey: Guid(0ee1e8420bf14da4da4c104e69f39dd4) Importer(815301076,1909f56bfc062723c751e8b465ee728b)
Start importing Assets/Addition/craftpix-895410-free-jungle-cartoon-2d-game-ui/TXT/license.txt using Guid(0ee1e8420bf14da4da4c104e69f39dd4) Importer(815301076,1909f56bfc062723c751e8b465ee728b) [PhysX] Initialized MultithreadedTaskDispatcher with 16 workers.
 -> (artifact id: '537c4cd4034d1e65caade602a4e65fd2') in 0.001043 seconds
Number of updated asset objects reloaded before import = 0
Number of asset objects unloaded after import = 1
========================================================================
Received Prepare
Begin MonoManager ReloadAssembly
- Loaded All Assemblies, in  0.366 seconds
Refreshing native plugins compatible for Editor in 3.07 ms, found 3 plugins.
Native extension for WindowsStandalone target not found
Native extension for Android target not found
[Package Manager] Server::EnsureServerProcessIsRunning -- launch failed, reason: Unity was launched with the -noUpm command-line argument
[Package Manager] UpmClient::Send -- Unable to send message (not connected to UPM process).
[Package Manager] Cannot connect to Unity Package Manager local server
Mono: successfully reloaded assembly
- Finished resetting the current domain, in  0.954 seconds
Domain Reload Profiling: 1318ms
	BeginReloadAssembly (134ms)
		ExecutionOrderSort (0ms)
		DisableScriptedObjects (4ms)
		BackupInstance (0ms)
		ReleaseScriptingObjects (0ms)
		CreateAndSetChildDomain (31ms)
	RebuildCommonClasses (27ms)
	RebuildNativeTypeToScriptingClass (9ms)
	initialDomainReloadingComplete (26ms)
	LoadAllAssembliesAndSetupDomain (168ms)
		LoadAssemblies (229ms)
		RebuildTransferFunctionScriptingTraits (0ms)
		AnalyzeDomain (10ms)
			TypeCache.Refresh (5ms)
				TypeCache.ScanAssembly (0ms)
			ScanForSourceGeneratedMonoScriptInfo (0ms)
			ResolveRequiredComponents (4ms)
	FinalizeReload (955ms)
		ReleaseScriptCaches (0ms)
		RebuildScriptCaches (0ms)
		SetupLoadedEditorAssemblies (439ms)
			LogAssemblyErrors (0ms)
			InitializePlatformSupportModulesInManaged (26ms)
			SetLoadedEditorAssemblies (4ms)
			RefreshPlugins (0ms)
			BeforeProcessingInitializeOnLoad (58ms)
			ProcessInitializeOnLoadAttributes (321ms)
			ProcessInitializeOnLoadMethodAttributes (23ms)
			AfterProcessingInitializeOnLoad (6ms)
			EditorAssembliesLoaded (0ms)
		ExecutionOrderSort2 (0ms)
		AwakeInstancesAfterBackupRestoration (8ms)
Refreshing native plugins compatible for Editor in 5.28 ms, found 3 plugins.
Preloading 0 native plugins for Editor in 0.00 ms.
Unloading 3091 Unused Serialized files (Serialized files now loaded: 0)
Unloading 24 unused Assets / (31.6 KB). Loaded Objects now: 3574.
Memory consumption went from 123.0 MB to 123.0 MB.
Total: 3.114800 ms (FindLiveObjects: 0.305100 ms CreateObjectMapping: 0.209500 ms MarkObjects: 2.551300 ms  DeleteObjects: 0.047700 ms)

Prepare: number of updated asset objects reloaded= 0
AssetImportParameters requested are different than current active one (requested -> active):
  custom:container-demuxer-ogg: 62fdf1f143b41e24485cea50d1cbac27 -> 
  custom:video-codec-MediaFoundation-h265: 746d11721c4dcdbdad8f713fa42b33f4 -> 
  custom:video-decoder-ogg-theora: a1e56fd34408186e4bbccfd4996cb3dc -> 
  custom:framework-win-MediaFoundation: 216162199b28c13a410421893ffa2e32 -> 
  custom:CustomObjectIndexerAttribute: 9a22284fe3817be447336de3de66b15e -> 
  custom:container-demuxer-webm: 4f35f7cbe854078d1ac9338744f61a02 -> 
  custom:container-muxer-webm: aa71ff27fc2769a1b78a27578f13a17b -> 
  custom:video-decoder-webm-vp8: 9c59270c3fd7afecdb556c50c9e8de78 -> 
  custom:SearchIndexIgnoredProperties: e643bd26f0fe6173181afceb89e7c659 -> 
  custom:AudioImporter_EditorPlatform: d09bf68614088b80899f8185d706f6e7 -> 
  custom:video-encoder-webm-vp8: eb34c28f22e8b96e1ab97ce403110664 -> 
  custom:audio-decoder-ogg-vorbis: bf7c407c2cedff20999df2af8eb42d56 -> 
  custom:audio-encoder-webm-vorbis: bf7c407c2cedff20999df2af8eb42d56 -> 
========================================================================
Received Prepare
Begin MonoManager ReloadAssembly
- Loaded All Assemblies, in  0.375 seconds
Refreshing native plugins compatible for Editor in 3.12 ms, found 3 plugins.
Native extension for WindowsStandalone target not found
Native extension for Android target not found
[Package Manager] Server::EnsureServerProcessIsRunning -- launch failed, reason: Unity was launched with the -noUpm command-line argument
[Package Manager] UpmClient::Send -- Unable to send message (not connected to UPM process).
[Package Manager] Cannot connect to Unity Package Manager local server
Mono: successfully reloaded assembly
- Finished resetting the current domain, in  0.900 seconds
Domain Reload Profiling: 1272ms
	BeginReloadAssembly (132ms)
		ExecutionOrderSort (0ms)
		DisableScriptedObjects (4ms)
		BackupInstance (0ms)
		ReleaseScriptingObjects (0ms)
		CreateAndSetChildDomain (31ms)
	RebuildCommonClasses (27ms)
	RebuildNativeTypeToScriptingClass (9ms)
	initialDomainReloadingComplete (26ms)
	LoadAllAssembliesAndSetupDomain (178ms)
		LoadAssemblies (237ms)
		RebuildTransferFunctionScriptingTraits (0ms)
		AnalyzeDomain (10ms)
			TypeCache.Refresh (4ms)
				TypeCache.ScanAssembly (0ms)
			ScanForSourceGeneratedMonoScriptInfo (0ms)
			ResolveRequiredComponents (5ms)
	FinalizeReload (900ms)
		ReleaseScriptCaches (0ms)
		RebuildScriptCaches (0ms)
		SetupLoadedEditorAssemblies (432ms)
			LogAssemblyErrors (0ms)
			InitializePlatformSupportModulesInManaged (25ms)
			SetLoadedEditorAssemblies (4ms)
			RefreshPlugins (0ms)
			BeforeProcessingInitializeOnLoad (57ms)
			ProcessInitializeOnLoadAttributes (317ms)
			ProcessInitializeOnLoadMethodAttributes (20ms)
			AfterProcessingInitializeOnLoad (9ms)
			EditorAssembliesLoaded (0ms)
		ExecutionOrderSort2 (0ms)
		AwakeInstancesAfterBackupRestoration (8ms)
Refreshing native plugins compatible for Editor in 5.21 ms, found 3 plugins.
Preloading 0 native plugins for Editor in 0.00 ms.
Unloading 3092 Unused Serialized files (Serialized files now loaded: 0)
Unloading 24 unused Assets / (31.6 KB). Loaded Objects now: 3577.
Memory consumption went from 123.2 MB to 123.2 MB.
Total: 3.713100 ms (FindLiveObjects: 0.385800 ms CreateObjectMapping: 0.185200 ms MarkObjects: 3.027000 ms  DeleteObjects: 0.114300 ms)

Prepare: number of updated asset objects reloaded= 0
AssetImportParameters requested are different than current active one (requested -> active):
  custom:container-demuxer-ogg: 62fdf1f143b41e24485cea50d1cbac27 -> 
  custom:video-codec-MediaFoundation-h265: 746d11721c4dcdbdad8f713fa42b33f4 -> 
  custom:video-decoder-ogg-theora: a1e56fd34408186e4bbccfd4996cb3dc -> 
  custom:framework-win-MediaFoundation: 216162199b28c13a410421893ffa2e32 -> 
  custom:CustomObjectIndexerAttribute: 9a22284fe3817be447336de3de66b15e -> 
  custom:container-demuxer-webm: 4f35f7cbe854078d1ac9338744f61a02 -> 
  custom:container-muxer-webm: aa71ff27fc2769a1b78a27578f13a17b -> 
  custom:video-decoder-webm-vp8: 9c59270c3fd7afecdb556c50c9e8de78 -> 
  custom:SearchIndexIgnoredProperties: e643bd26f0fe6173181afceb89e7c659 -> 
  custom:AudioImporter_EditorPlatform: d09bf68614088b80899f8185d706f6e7 -> 
  custom:video-encoder-webm-vp8: eb34c28f22e8b96e1ab97ce403110664 -> 
  custom:audio-decoder-ogg-vorbis: bf7c407c2cedff20999df2af8eb42d56 -> 
  custom:audio-encoder-webm-vorbis: bf7c407c2cedff20999df2af8eb42d56 -> 
========================================================================
Received Prepare
Begin MonoManager ReloadAssembly
- Loaded All Assemblies, in  0.374 seconds
Refreshing native plugins compatible for Editor in 2.73 ms, found 3 plugins.
Native extension for WindowsStandalone target not found
Native extension for Android target not found
[Package Manager] Server::EnsureServerProcessIsRunning -- launch failed, reason: Unity was launched with the -noUpm command-line argument
[Package Manager] UpmClient::Send -- Unable to send message (not connected to UPM process).
[Package Manager] Cannot connect to Unity Package Manager local server
Mono: successfully reloaded assembly
- Finished resetting the current domain, in  0.912 seconds
Domain Reload Profiling: 1284ms
	BeginReloadAssembly (135ms)
		ExecutionOrderSort (0ms)
		DisableScriptedObjects (4ms)
		BackupInstance (0ms)
		ReleaseScriptingObjects (0ms)
		CreateAndSetChildDomain (30ms)
	RebuildCommonClasses (27ms)
	RebuildNativeTypeToScriptingClass (9ms)
	initialDomainReloadingComplete (26ms)
	LoadAllAssembliesAndSetupDomain (175ms)
		LoadAssemblies (236ms)
		RebuildTransferFunctionScriptingTraits (0ms)
		AnalyzeDomain (11ms)
			TypeCache.Refresh (4ms)
				TypeCache.ScanAssembly (0ms)
			ScanForSourceGeneratedMonoScriptInfo (0ms)
			ResolveRequiredComponents (5ms)
	FinalizeReload (912ms)
		ReleaseScriptCaches (0ms)
		RebuildScriptCaches (0ms)
		SetupLoadedEditorAssemblies (444ms)
			LogAssemblyErrors (0ms)
			InitializePlatformSupportModulesInManaged (24ms)
			SetLoadedEditorAssemblies (4ms)
			RefreshPlugins (0ms)
			BeforeProcessingInitializeOnLoad (60ms)
			ProcessInitializeOnLoadAttributes (329ms)
			ProcessInitializeOnLoadMethodAttributes (20ms)
			AfterProcessingInitializeOnLoad (6ms)
			EditorAssembliesLoaded (0ms)
		ExecutionOrderSort2 (0ms)
		AwakeInstancesAfterBackupRestoration (8ms)
Refreshing native plugins compatible for Editor in 4.79 ms, found 3 plugins.
Preloading 0 native plugins for Editor in 0.00 ms.
Unloading 3092 Unused Serialized files (Serialized files now loaded: 0)
Unloading 24 unused Assets / (31.6 KB). Loaded Objects now: 3580.
Memory consumption went from 123.3 MB to 123.2 MB.
Total: 4.004300 ms (FindLiveObjects: 0.267200 ms CreateObjectMapping: 0.222000 ms MarkObjects: 3.445600 ms  DeleteObjects: 0.068200 ms)

Prepare: number of updated asset objects reloaded= 0
AssetImportParameters requested are different than current active one (requested -> active):
  custom:container-demuxer-ogg: 62fdf1f143b41e24485cea50d1cbac27 -> 
  custom:video-codec-MediaFoundation-h265: 746d11721c4dcdbdad8f713fa42b33f4 -> 
  custom:video-decoder-ogg-theora: a1e56fd34408186e4bbccfd4996cb3dc -> 
  custom:framework-win-MediaFoundation: 216162199b28c13a410421893ffa2e32 -> 
  custom:CustomObjectIndexerAttribute: 9a22284fe3817be447336de3de66b15e -> 
  custom:container-demuxer-webm: 4f35f7cbe854078d1ac9338744f61a02 -> 
  custom:container-muxer-webm: aa71ff27fc2769a1b78a27578f13a17b -> 
  custom:video-decoder-webm-vp8: 9c59270c3fd7afecdb556c50c9e8de78 -> 
  custom:SearchIndexIgnoredProperties: e643bd26f0fe6173181afceb89e7c659 -> 
  custom:AudioImporter_EditorPlatform: d09bf68614088b80899f8185d706f6e7 -> 
  custom:video-encoder-webm-vp8: eb34c28f22e8b96e1ab97ce403110664 -> 
  custom:audio-decoder-ogg-vorbis: bf7c407c2cedff20999df2af8eb42d56 -> 
  custom:audio-encoder-webm-vorbis: bf7c407c2cedff20999df2af8eb42d56 -> 
========================================================================
Received Prepare
Begin MonoManager ReloadAssembly
- Loaded All Assemblies, in  0.372 seconds
Refreshing native plugins compatible for Editor in 2.92 ms, found 3 plugins.
Native extension for WindowsStandalone target not found
Native extension for Android target not found
[Package Manager] Server::EnsureServerProcessIsRunning -- launch failed, reason: Unity was launched with the -noUpm command-line argument
[Package Manager] UpmClient::Send -- Unable to send message (not connected to UPM process).
[Package Manager] Cannot connect to Unity Package Manager local server
Mono: successfully reloaded assembly
- Finished resetting the current domain, in  0.939 seconds
Domain Reload Profiling: 1309ms
	BeginReloadAssembly (134ms)
		ExecutionOrderSort (0ms)
		DisableScriptedObjects (4ms)
		BackupInstance (0ms)
		ReleaseScriptingObjects (0ms)
		CreateAndSetChildDomain (31ms)
	RebuildCommonClasses (27ms)
	RebuildNativeTypeToScriptingClass (9ms)
	initialDomainReloadingComplete (26ms)
	LoadAllAssembliesAndSetupDomain (174ms)
		LoadAssemblies (234ms)
		RebuildTransferFunctionScriptingTraits (0ms)
		AnalyzeDomain (10ms)
			TypeCache.Refresh (4ms)
				TypeCache.ScanAssembly (0ms)
			ScanForSourceGeneratedMonoScriptInfo (0ms)
			ResolveRequiredComponents (4ms)
	FinalizeReload (940ms)
		ReleaseScriptCaches (0ms)
		RebuildScriptCaches (0ms)
		SetupLoadedEditorAssemblies (443ms)
			LogAssemblyErrors (0ms)
			InitializePlatformSupportModulesInManaged (23ms)
			SetLoadedEditorAssemblies (4ms)
			RefreshPlugins (0ms)
			BeforeProcessingInitializeOnLoad (61ms)
			ProcessInitializeOnLoadAttributes (329ms)
			ProcessInitializeOnLoadMethodAttributes (19ms)
			AfterProcessingInitializeOnLoad (6ms)
			EditorAssembliesLoaded (0ms)
		ExecutionOrderSort2 (0ms)
		AwakeInstancesAfterBackupRestoration (8ms)
Refreshing native plugins compatible for Editor in 6.02 ms, found 3 plugins.
Preloading 0 native plugins for Editor in 0.00 ms.
Unloading 3092 Unused Serialized files (Serialized files now loaded: 0)
Unloading 24 unused Assets / (31.6 KB). Loaded Objects now: 3583.
Memory consumption went from 123.3 MB to 123.2 MB.
Total: 4.448400 ms (FindLiveObjects: 0.323200 ms CreateObjectMapping: 0.203000 ms MarkObjects: 3.852300 ms  DeleteObjects: 0.068100 ms)

Prepare: number of updated asset objects reloaded= 0
AssetImportParameters requested are different than current active one (requested -> active):
  custom:container-demuxer-ogg: 62fdf1f143b41e24485cea50d1cbac27 -> 
  custom:video-codec-MediaFoundation-h265: 746d11721c4dcdbdad8f713fa42b33f4 -> 
  custom:video-decoder-ogg-theora: a1e56fd34408186e4bbccfd4996cb3dc -> 
  custom:framework-win-MediaFoundation: 216162199b28c13a410421893ffa2e32 -> 
  custom:CustomObjectIndexerAttribute: 9a22284fe3817be447336de3de66b15e -> 
  custom:container-demuxer-webm: 4f35f7cbe854078d1ac9338744f61a02 -> 
  custom:container-muxer-webm: aa71ff27fc2769a1b78a27578f13a17b -> 
  custom:video-decoder-webm-vp8: 9c59270c3fd7afecdb556c50c9e8de78 -> 
  custom:SearchIndexIgnoredProperties: e643bd26f0fe6173181afceb89e7c659 -> 
  custom:AudioImporter_EditorPlatform: d09bf68614088b80899f8185d706f6e7 -> 
  custom:video-encoder-webm-vp8: eb34c28f22e8b96e1ab97ce403110664 -> 
  custom:audio-decoder-ogg-vorbis: bf7c407c2cedff20999df2af8eb42d56 -> 
  custom:audio-encoder-webm-vorbis: bf7c407c2cedff20999df2af8eb42d56 -> 
========================================================================
Received Prepare
Begin MonoManager ReloadAssembly
- Loaded All Assemblies, in  0.380 seconds
Refreshing native plugins compatible for Editor in 3.93 ms, found 3 plugins.
Native extension for WindowsStandalone target not found
Native extension for Android target not found
[Package Manager] Server::EnsureServerProcessIsRunning -- launch failed, reason: Unity was launched with the -noUpm command-line argument
[Package Manager] UpmClient::Send -- Unable to send message (not connected to UPM process).
[Package Manager] Cannot connect to Unity Package Manager local server
Mono: successfully reloaded assembly
- Finished resetting the current domain, in  0.885 seconds
Domain Reload Profiling: 1263ms
	BeginReloadAssembly (140ms)
		ExecutionOrderSort (0ms)
		DisableScriptedObjects (4ms)
		BackupInstance (0ms)
		ReleaseScriptingObjects (0ms)
		CreateAndSetChildDomain (37ms)
	RebuildCommonClasses (28ms)
	RebuildNativeTypeToScriptingClass (15ms)
	initialDomainReloadingComplete (25ms)
	LoadAllAssembliesAndSetupDomain (169ms)
		LoadAssemblies (226ms)
		RebuildTransferFunctionScriptingTraits (0ms)
		AnalyzeDomain (14ms)
			TypeCache.Refresh (5ms)
				TypeCache.ScanAssembly (0ms)
			ScanForSourceGeneratedMonoScriptInfo (0ms)
			ResolveRequiredComponents (7ms)
	FinalizeReload (885ms)
		ReleaseScriptCaches (0ms)
		RebuildScriptCaches (0ms)
		SetupLoadedEditorAssemblies (439ms)
			LogAssemblyErrors (0ms)
			InitializePlatformSupportModulesInManaged (25ms)
			SetLoadedEditorAssemblies (4ms)
			RefreshPlugins (0ms)
			BeforeProcessingInitializeOnLoad (57ms)
			ProcessInitializeOnLoadAttributes (326ms)
			ProcessInitializeOnLoadMethodAttributes (20ms)
			AfterProcessingInitializeOnLoad (6ms)
			EditorAssembliesLoaded (0ms)
		ExecutionOrderSort2 (0ms)
		AwakeInstancesAfterBackupRestoration (9ms)
Refreshing native plugins compatible for Editor in 6.26 ms, found 3 plugins.
Preloading 0 native plugins for Editor in 0.00 ms.
Unloading 3092 Unused Serialized files (Serialized files now loaded: 0)
Unloading 24 unused Assets / (31.6 KB). Loaded Objects now: 3586.
Memory consumption went from 123.3 MB to 123.2 MB.
Total: 3.341000 ms (FindLiveObjects: 0.388300 ms CreateObjectMapping: 0.219800 ms MarkObjects: 2.669100 ms  DeleteObjects: 0.062500 ms)

Prepare: number of updated asset objects reloaded= 0
AssetImportParameters requested are different than current active one (requested -> active):
  custom:container-demuxer-ogg: 62fdf1f143b41e24485cea50d1cbac27 -> 
  custom:video-codec-MediaFoundation-h265: 746d11721c4dcdbdad8f713fa42b33f4 -> 
  custom:video-decoder-ogg-theora: a1e56fd34408186e4bbccfd4996cb3dc -> 
  custom:framework-win-MediaFoundation: 216162199b28c13a410421893ffa2e32 -> 
  custom:CustomObjectIndexerAttribute: 9a22284fe3817be447336de3de66b15e -> 
  custom:container-demuxer-webm: 4f35f7cbe854078d1ac9338744f61a02 -> 
  custom:container-muxer-webm: aa71ff27fc2769a1b78a27578f13a17b -> 
  custom:video-decoder-webm-vp8: 9c59270c3fd7afecdb556c50c9e8de78 -> 
  custom:SearchIndexIgnoredProperties: e643bd26f0fe6173181afceb89e7c659 -> 
  custom:AudioImporter_EditorPlatform: d09bf68614088b80899f8185d706f6e7 -> 
  custom:video-encoder-webm-vp8: eb34c28f22e8b96e1ab97ce403110664 -> 
  custom:audio-decoder-ogg-vorbis: bf7c407c2cedff20999df2af8eb42d56 -> 
  custom:audio-encoder-webm-vorbis: bf7c407c2cedff20999df2af8eb42d56 -> 
========================================================================
Received Prepare
Begin MonoManager ReloadAssembly
- Loaded All Assemblies, in  0.377 seconds
Refreshing native plugins compatible for Editor in 3.02 ms, found 3 plugins.
Native extension for WindowsStandalone target not found
Native extension for Android target not found
[Package Manager] Server::EnsureServerProcessIsRunning -- launch failed, reason: Unity was launched with the -noUpm command-line argument
[Package Manager] UpmClient::Send -- Unable to send message (not connected to UPM process).
[Package Manager] Cannot connect to Unity Package Manager local server
Mono: successfully reloaded assembly
- Finished resetting the current domain, in  0.895 seconds
Domain Reload Profiling: 1270ms
	BeginReloadAssembly (147ms)
		ExecutionOrderSort (0ms)
		DisableScriptedObjects (4ms)
		BackupInstance (0ms)
		ReleaseScriptingObjects (0ms)
		CreateAndSetChildDomain (34ms)
	RebuildCommonClasses (27ms)
	RebuildNativeTypeToScriptingClass (9ms)
	initialDomainReloadingComplete (25ms)
	LoadAllAssembliesAndSetupDomain (166ms)
		LoadAssemblies (235ms)
		RebuildTransferFunctionScriptingTraits (0ms)
		AnalyzeDomain (12ms)
			TypeCache.Refresh (6ms)
				TypeCache.ScanAssembly (0ms)
			ScanForSourceGeneratedMonoScriptInfo (0ms)
			ResolveRequiredComponents (5ms)
	FinalizeReload (895ms)
		ReleaseScriptCaches (0ms)
		RebuildScriptCaches (0ms)
		SetupLoadedEditorAssemblies (434ms)
			LogAssemblyErrors (0ms)
			InitializePlatformSupportModulesInManaged (24ms)
			SetLoadedEditorAssemblies (4ms)
			RefreshPlugins (0ms)
			BeforeProcessingInitializeOnLoad (59ms)
			ProcessInitializeOnLoadAttributes (322ms)
			ProcessInitializeOnLoadMethodAttributes (19ms)
			AfterProcessingInitializeOnLoad (6ms)
			EditorAssembliesLoaded (0ms)
		ExecutionOrderSort2 (0ms)
		AwakeInstancesAfterBackupRestoration (8ms)
Refreshing native plugins compatible for Editor in 5.76 ms, found 3 plugins.
Preloading 0 native plugins for Editor in 0.00 ms.
Unloading 3092 Unused Serialized files (Serialized files now loaded: 0)
Unloading 24 unused Assets / (31.6 KB). Loaded Objects now: 3589.
Memory consumption went from 123.3 MB to 123.2 MB.
Total: 3.720400 ms (FindLiveObjects: 0.275000 ms CreateObjectMapping: 0.189400 ms MarkObjects: 3.189700 ms  DeleteObjects: 0.065200 ms)

Prepare: number of updated asset objects reloaded= 0
AssetImportParameters requested are different than current active one (requested -> active):
  custom:container-demuxer-ogg: 62fdf1f143b41e24485cea50d1cbac27 -> 
  custom:video-codec-MediaFoundation-h265: 746d11721c4dcdbdad8f713fa42b33f4 -> 
  custom:video-decoder-ogg-theora: a1e56fd34408186e4bbccfd4996cb3dc -> 
  custom:framework-win-MediaFoundation: 216162199b28c13a410421893ffa2e32 -> 
  custom:CustomObjectIndexerAttribute: 9a22284fe3817be447336de3de66b15e -> 
  custom:container-demuxer-webm: 4f35f7cbe854078d1ac9338744f61a02 -> 
  custom:container-muxer-webm: aa71ff27fc2769a1b78a27578f13a17b -> 
  custom:video-decoder-webm-vp8: 9c59270c3fd7afecdb556c50c9e8de78 -> 
  custom:SearchIndexIgnoredProperties: e643bd26f0fe6173181afceb89e7c659 -> 
  custom:AudioImporter_EditorPlatform: d09bf68614088b80899f8185d706f6e7 -> 
  custom:video-encoder-webm-vp8: eb34c28f22e8b96e1ab97ce403110664 -> 
  custom:audio-decoder-ogg-vorbis: bf7c407c2cedff20999df2af8eb42d56 -> 
  custom:audio-encoder-webm-vorbis: bf7c407c2cedff20999df2af8eb42d56 -> 
========================================================================
Received Prepare
Begin MonoManager ReloadAssembly
- Loaded All Assemblies, in  0.385 seconds
Refreshing native plugins compatible for Editor in 3.27 ms, found 3 plugins.
Native extension for WindowsStandalone target not found
Native extension for Android target not found
[Package Manager] Server::EnsureServerProcessIsRunning -- launch failed, reason: Unity was launched with the -noUpm command-line argument
[Package Manager] UpmClient::Send -- Unable to send message (not connected to UPM process).
[Package Manager] Cannot connect to Unity Package Manager local server
Mono: successfully reloaded assembly
- Finished resetting the current domain, in  0.942 seconds
Domain Reload Profiling: 1325ms
	BeginReloadAssembly (141ms)
		ExecutionOrderSort (0ms)
		DisableScriptedObjects (4ms)
		BackupInstance (0ms)
		ReleaseScriptingObjects (0ms)
		CreateAndSetChildDomain (32ms)
	RebuildCommonClasses (29ms)
	RebuildNativeTypeToScriptingClass (9ms)
	initialDomainReloadingComplete (27ms)
	LoadAllAssembliesAndSetupDomain (177ms)
		LoadAssemblies (243ms)
		RebuildTransferFunctionScriptingTraits (0ms)
		AnalyzeDomain (11ms)
			TypeCache.Refresh (5ms)
				TypeCache.ScanAssembly (0ms)
			ScanForSourceGeneratedMonoScriptInfo (0ms)
			ResolveRequiredComponents (5ms)
	FinalizeReload (942ms)
		ReleaseScriptCaches (0ms)
		RebuildScriptCaches (0ms)
		SetupLoadedEditorAssemblies (440ms)
			LogAssemblyErrors (0ms)
			InitializePlatformSupportModulesInManaged (23ms)
			SetLoadedEditorAssemblies (4ms)
			RefreshPlugins (0ms)
			BeforeProcessingInitializeOnLoad (60ms)
			ProcessInitializeOnLoadAttributes (326ms)
			ProcessInitializeOnLoadMethodAttributes (20ms)
			AfterProcessingInitializeOnLoad (6ms)
			EditorAssembliesLoaded (0ms)
		ExecutionOrderSort2 (0ms)
		AwakeInstancesAfterBackupRestoration (9ms)
Refreshing native plugins compatible for Editor in 5.18 ms, found 3 plugins.
Preloading 0 native plugins for Editor in 0.00 ms.
Unloading 3092 Unused Serialized files (Serialized files now loaded: 0)
Unloading 24 unused Assets / (31.6 KB). Loaded Objects now: 3592.
Memory consumption went from 123.3 MB to 123.2 MB.
Total: 3.017500 ms (FindLiveObjects: 0.232600 ms CreateObjectMapping: 0.157700 ms MarkObjects: 2.579200 ms  DeleteObjects: 0.047200 ms)

Prepare: number of updated asset objects reloaded= 0
AssetImportParameters requested are different than current active one (requested -> active):
  custom:container-demuxer-ogg: 62fdf1f143b41e24485cea50d1cbac27 -> 
  custom:video-codec-MediaFoundation-h265: 746d11721c4dcdbdad8f713fa42b33f4 -> 
  custom:video-decoder-ogg-theora: a1e56fd34408186e4bbccfd4996cb3dc -> 
  custom:framework-win-MediaFoundation: 216162199b28c13a410421893ffa2e32 -> 
  custom:CustomObjectIndexerAttribute: 9a22284fe3817be447336de3de66b15e -> 
  custom:container-demuxer-webm: 4f35f7cbe854078d1ac9338744f61a02 -> 
  custom:container-muxer-webm: aa71ff27fc2769a1b78a27578f13a17b -> 
  custom:video-decoder-webm-vp8: 9c59270c3fd7afecdb556c50c9e8de78 -> 
  custom:SearchIndexIgnoredProperties: e643bd26f0fe6173181afceb89e7c659 -> 
  custom:AudioImporter_EditorPlatform: d09bf68614088b80899f8185d706f6e7 -> 
  custom:video-encoder-webm-vp8: eb34c28f22e8b96e1ab97ce403110664 -> 
  custom:audio-decoder-ogg-vorbis: bf7c407c2cedff20999df2af8eb42d56 -> 
  custom:audio-encoder-webm-vorbis: bf7c407c2cedff20999df2af8eb42d56 -> 
========================================================================
Received Prepare
Begin MonoManager ReloadAssembly
- Loaded All Assemblies, in  0.371 seconds
Refreshing native plugins compatible for Editor in 3.07 ms, found 3 plugins.
Native extension for WindowsStandalone target not found
Native extension for Android target not found
[Package Manager] Server::EnsureServerProcessIsRunning -- launch failed, reason: Unity was launched with the -noUpm command-line argument
[Package Manager] UpmClient::Send -- Unable to send message (not connected to UPM process).
[Package Manager] Cannot connect to Unity Package Manager local server
Mono: successfully reloaded assembly
- Finished resetting the current domain, in  0.973 seconds
Domain Reload Profiling: 1342ms
	BeginReloadAssembly (134ms)
		ExecutionOrderSort (0ms)
		DisableScriptedObjects (4ms)
		BackupInstance (0ms)
		ReleaseScriptingObjects (0ms)
		CreateAndSetChildDomain (31ms)
	RebuildCommonClasses (27ms)
	RebuildNativeTypeToScriptingClass (9ms)
	initialDomainReloadingComplete (26ms)
	LoadAllAssembliesAndSetupDomain (173ms)
		LoadAssemblies (233ms)
		RebuildTransferFunctionScriptingTraits (0ms)
		AnalyzeDomain (10ms)
			TypeCache.Refresh (4ms)
				TypeCache.ScanAssembly (0ms)
			ScanForSourceGeneratedMonoScriptInfo (0ms)
			ResolveRequiredComponents (4ms)
	FinalizeReload (974ms)
		ReleaseScriptCaches (0ms)
		RebuildScriptCaches (0ms)
		SetupLoadedEditorAssemblies (443ms)
			LogAssemblyErrors (0ms)
			InitializePlatformSupportModulesInManaged (25ms)
			SetLoadedEditorAssemblies (4ms)
			RefreshPlugins (0ms)
			BeforeProcessingInitializeOnLoad (59ms)
			ProcessInitializeOnLoadAttributes (329ms)
			ProcessInitializeOnLoadMethodAttributes (20ms)
			AfterProcessingInitializeOnLoad (6ms)
			EditorAssembliesLoaded (0ms)
		ExecutionOrderSort2 (0ms)
		AwakeInstancesAfterBackupRestoration (8ms)
Refreshing native plugins compatible for Editor in 5.46 ms, found 3 plugins.
Preloading 0 native plugins for Editor in 0.00 ms.
Unloading 3092 Unused Serialized files (Serialized files now loaded: 0)
Unloading 24 unused Assets / (31.6 KB). Loaded Objects now: 3595.
Memory consumption went from 123.3 MB to 123.2 MB.
Total: 3.597700 ms (FindLiveObjects: 0.299800 ms CreateObjectMapping: 0.375100 ms MarkObjects: 2.858400 ms  DeleteObjects: 0.063200 ms)

Prepare: number of updated asset objects reloaded= 0
AssetImportParameters requested are different than current active one (requested -> active):
  custom:container-demuxer-ogg: 62fdf1f143b41e24485cea50d1cbac27 -> 
  custom:video-codec-MediaFoundation-h265: 746d11721c4dcdbdad8f713fa42b33f4 -> 
  custom:video-decoder-ogg-theora: a1e56fd34408186e4bbccfd4996cb3dc -> 
  custom:framework-win-MediaFoundation: 216162199b28c13a410421893ffa2e32 -> 
  custom:CustomObjectIndexerAttribute: 9a22284fe3817be447336de3de66b15e -> 
  custom:container-demuxer-webm: 4f35f7cbe854078d1ac9338744f61a02 -> 
  custom:container-muxer-webm: aa71ff27fc2769a1b78a27578f13a17b -> 
  custom:video-decoder-webm-vp8: 9c59270c3fd7afecdb556c50c9e8de78 -> 
  custom:SearchIndexIgnoredProperties: e643bd26f0fe6173181afceb89e7c659 -> 
  custom:AudioImporter_EditorPlatform: d09bf68614088b80899f8185d706f6e7 -> 
  custom:video-encoder-webm-vp8: eb34c28f22e8b96e1ab97ce403110664 -> 
  custom:audio-decoder-ogg-vorbis: bf7c407c2cedff20999df2af8eb42d56 -> 
  custom:audio-encoder-webm-vorbis: bf7c407c2cedff20999df2af8eb42d56 -> 
